[2025-07-21 23:22:43] [ERROR] [ERROR] Zone status query failed | error=No module named 'RPi'
[2025-07-21 23:23:52] [ERROR] [ERROR] Zone status query failed | error=No module named 'RPi'
[2025-07-23 20:04:13] [ERROR] [error] Failed to stop expired zone | zone_id=1
[2025-07-23 22:04:05] [ERROR] [error] Failed to stop expired zone | zone_id=5
[2025-07-23 22:13:23] [ERROR] [error] Failed to stop expired zone | zone_id=2
[2025-07-23 22:17:51] [ERROR] [error] Failed to stop expired zone | zone_id=3
[2025-07-23 22:49:09] [ERROR] [error] Failed to stop expired zone | zone_id=2
[2025-07-23 22:51:34] [ERROR] [error] Failed to stop expired zone | zone_id=2
[2025-07-23 23:02:03] [ERROR] [error] Failed to stop expired zone | zone_id=1
[2025-07-24 00:15:04] [ERROR] [error] Failed to stop expired zone | zone_id=1
[2025-07-24 00:26:33] [ERROR] [error] Failed to stop expired zone | zone_id=1
[2025-07-24 00:50:00] [ERROR] [error] Failed to stop expired zone | zone_id=1
[2025-07-24 02:53:05] [ERROR] [error] Failed to stop expired zone | zone_id=1
[2025-07-24 02:54:16] [ERROR] [error] Failed to stop expired zone | zone_id=1
[2025-07-24 16:42:01] [ERROR] [error] Failed to stop expired zone | zone_id=1
[2025-07-24 19:57:40] [ERROR] [error] Failed to stop expired zone | zone_id=1
[2025-07-24 20:30:18] [ERROR] [ERROR] Zone status query failed | error=name 'Any' is not defined
[2025-07-24 20:30:18] [ERROR] [ERROR] Error getting active timers: name 'Any' is not defined
[2025-07-24 20:30:19] [ERROR] [ERROR] Zone status query failed | error=name 'Any' is not defined
[2025-07-24 20:30:19] [ERROR] [ERROR] Error getting active timers: name 'Any' is not defined
[2025-07-24 20:30:19] [ERROR] [ERROR] Zone status query failed | error=name 'Any' is not defined
[2025-07-24 20:30:19] [ERROR] [ERROR] Error getting active timers: cannot import name 'scheduler' from 'core.scheduler' (C:\Users\Th3Count\WaterMe!\backend\core\scheduler.py)
[2025-07-24 20:30:19] [ERROR] [ERROR] Zone status query failed | error=name 'Any' is not defined
[2025-07-24 20:30:19] [ERROR] [ERROR] Error getting active timers: name 'Any' is not defined
[2025-07-24 20:30:19] [ERROR] [ERROR] Zone status query failed | error=name 'Any' is not defined
[2025-07-24 20:30:19] [ERROR] [ERROR] Error getting active timers: cannot import name 'scheduler' from 'core.scheduler' (C:\Users\Th3Count\WaterMe!\backend\core\scheduler.py)
[2025-07-24 20:30:20] [ERROR] [ERROR] Zone status query failed | error=name 'Any' is not defined
[2025-07-24 20:30:20] [ERROR] [ERROR] Error getting active timers: cannot import name 'scheduler' from 'core.scheduler' (C:\Users\Th3Count\WaterMe!\backend\core\scheduler.py)
[2025-07-24 20:30:20] [ERROR] [ERROR] Zone status query failed | error=name 'Any' is not defined
[2025-07-24 20:30:20] [ERROR] [ERROR] Error getting active timers: cannot import name 'scheduler' from 'core.scheduler' (C:\Users\Th3Count\WaterMe!\backend\core\scheduler.py)
[2025-07-24 20:30:20] [ERROR] [ERROR] Zone status query failed | error=name 'Any' is not defined
[2025-07-24 20:30:20] [ERROR] [ERROR] Error getting active timers: cannot import name 'scheduler' from 'core.scheduler' (C:\Users\Th3Count\WaterMe!\backend\core\scheduler.py)
[2025-07-24 20:30:20] [ERROR] [ERROR] Zone status query failed | error=name 'Any' is not defined
[2025-07-24 20:30:20] [ERROR] [ERROR] Error getting active timers: name 'Any' is not defined
[2025-07-24 20:30:21] [ERROR] [ERROR] Zone status query failed | error=name 'Any' is not defined
[2025-07-24 20:30:21] [ERROR] [ERROR] Error getting active timers: name 'Any' is not defined
[2025-07-24 20:30:21] [ERROR] [ERROR] Zone status query failed | error=name 'Any' is not defined
[2025-07-24 20:30:21] [ERROR] [ERROR] Error getting active timers: name 'Any' is not defined
[2025-07-24 20:30:21] [ERROR] [ERROR] Zone status query failed | error=name 'Any' is not defined
[2025-07-24 20:30:21] [ERROR] [ERROR] Error getting active timers: cannot import name 'scheduler' from 'core.scheduler' (C:\Users\Th3Count\WaterMe!\backend\core\scheduler.py)
[2025-07-24 20:30:21] [ERROR] [ERROR] Error getting active timers: name 'Any' is not defined
[2025-07-24 20:30:21] [ERROR] [ERROR] Zone status query failed | error=name 'Any' is not defined
[2025-07-24 20:30:21] [ERROR] [ERROR] Zone status query failed | error=name 'Any' is not defined
[2025-07-24 20:30:21] [ERROR] [ERROR] Error getting active timers: name 'Any' is not defined
[2025-07-24 20:30:21] [ERROR] [ERROR] Zone status query failed | error=name 'Any' is not defined
[2025-07-24 20:30:21] [ERROR] [ERROR] Error getting active timers: cannot import name 'scheduler' from 'core.scheduler' (C:\Users\Th3Count\WaterMe!\backend\core\scheduler.py)
[2025-07-24 20:30:22] [ERROR] [ERROR] Zone status query failed | error=name 'Any' is not defined
[2025-07-24 20:30:22] [ERROR] [ERROR] Error getting active timers: name 'Any' is not defined
[2025-07-24 20:30:22] [ERROR] [ERROR] Zone status query failed | error=name 'Any' is not defined
[2025-07-24 20:30:22] [ERROR] [ERROR] Error getting active timers: cannot import name 'scheduler' from 'core.scheduler' (C:\Users\Th3Count\WaterMe!\backend\core\scheduler.py)
[2025-07-24 20:30:27] [ERROR] [ERROR] Zone status query failed | error=name 'Any' is not defined
[2025-07-24 20:30:27] [ERROR] [ERROR] Error getting active timers: cannot import name 'scheduler' from 'core.scheduler' (C:\Users\Th3Count\WaterMe!\backend\core\scheduler.py)
[2025-07-24 20:30:32] [ERROR] [ERROR] Zone status query failed | error=name 'Any' is not defined
[2025-07-24 20:30:32] [ERROR] [ERROR] Error getting active timers: name 'Any' is not defined
[2025-07-24 20:30:37] [ERROR] [ERROR] Zone status query failed | error=name 'Any' is not defined
[2025-07-24 20:30:37] [ERROR] [ERROR] Error getting active timers: name 'Any' is not defined
[2025-07-24 20:30:42] [ERROR] [ERROR] Zone status query failed | error=name 'Any' is not defined
[2025-07-24 20:30:42] [ERROR] [ERROR] Error getting active timers: name 'Any' is not defined
[2025-07-24 20:30:43] [ERROR] [ERROR] Zone status query failed | error=name 'Any' is not defined
[2025-07-24 20:30:43] [ERROR] [ERROR] Error getting active timers: name 'Any' is not defined
[2025-07-24 20:30:43] [ERROR] [ERROR] Zone status query failed | error=name 'Any' is not defined
[2025-07-24 20:30:43] [ERROR] [ERROR] Error getting active timers: cannot import name 'scheduler' from 'core.scheduler' (C:\Users\Th3Count\WaterMe!\backend\core\scheduler.py)
[2025-07-24 20:31:24] [ERROR] [ERROR] Zone status query failed | error=name 'Any' is not defined
[2025-07-24 20:31:24] [ERROR] [ERROR] Error getting active timers: name 'Any' is not defined
[2025-07-24 20:31:24] [ERROR] [ERROR] Zone status query failed | error=name 'Any' is not defined
[2025-07-24 20:31:24] [ERROR] [ERROR] Error getting active timers: name 'Any' is not defined
[2025-07-24 20:32:14] [ERROR] [ERROR] Zone status query failed | error=name 'Any' is not defined
[2025-07-24 20:32:14] [ERROR] [ERROR] Error getting active timers: cannot import name 'scheduler' from 'core.scheduler' (C:\Users\Th3Count\WaterMe!\backend\core\scheduler.py)
[2025-07-24 20:32:14] [ERROR] [ERROR] Zone status query failed | error=name 'Any' is not defined
[2025-07-24 20:32:14] [ERROR] [ERROR] Error getting active timers: cannot import name 'scheduler' from 'core.scheduler' (C:\Users\Th3Count\WaterMe!\backend\core\scheduler.py)
[2025-07-24 20:32:19] [ERROR] [ERROR] Zone status query failed | error=name 'Any' is not defined
[2025-07-24 20:32:19] [ERROR] [ERROR] Error getting active timers: name 'Any' is not defined
[2025-07-24 20:32:21] [ERROR] [ERROR] Zone status query failed | error=name 'Any' is not defined
[2025-07-24 20:32:21] [ERROR] [ERROR] Error getting active timers: name 'Any' is not defined
[2025-07-24 20:32:21] [ERROR] [ERROR] Zone status query failed | error=name 'Any' is not defined
[2025-07-24 20:32:21] [ERROR] [ERROR] Error getting active timers: name 'Any' is not defined
[2025-07-24 20:32:26] [ERROR] [ERROR] Zone status query failed | error=name 'Any' is not defined
[2025-07-24 20:32:26] [ERROR] [ERROR] Error getting active timers: name 'Any' is not defined
[2025-07-24 20:32:31] [ERROR] [ERROR] Zone status query failed | error=name 'Any' is not defined
[2025-07-24 20:32:31] [ERROR] [ERROR] Error getting active timers: name 'Any' is not defined
[2025-07-24 20:32:37] [ERROR] [ERROR] Zone status query failed | error=name 'Any' is not defined
[2025-07-24 20:32:37] [ERROR] [ERROR] Error getting active timers: name 'Any' is not defined
[2025-07-24 20:32:41] [ERROR] [ERROR] Zone status query failed | error=name 'Any' is not defined
[2025-07-24 20:32:41] [ERROR] [ERROR] Error getting active timers: name 'Any' is not defined
[2025-07-24 20:32:46] [ERROR] [ERROR] Zone status query failed | error=name 'Any' is not defined
[2025-07-24 20:32:46] [ERROR] [ERROR] Error getting active timers: name 'Any' is not defined
[2025-07-24 20:32:51] [ERROR] [ERROR] Zone status query failed | error=name 'Any' is not defined
[2025-07-24 20:32:51] [ERROR] [ERROR] Error getting active timers: name 'Any' is not defined
[2025-07-24 20:32:56] [ERROR] [ERROR] Zone status query failed | error=name 'Any' is not defined
[2025-07-24 20:32:56] [ERROR] [ERROR] Error getting active timers: name 'Any' is not defined
[2025-07-24 20:33:01] [ERROR] [ERROR] Zone status query failed | error=name 'Any' is not defined
[2025-07-24 20:33:01] [ERROR] [ERROR] Error getting active timers: name 'Any' is not defined
[2025-07-24 20:33:06] [ERROR] [ERROR] Zone status query failed | error=name 'Any' is not defined
[2025-07-24 20:33:06] [ERROR] [ERROR] Error getting active timers: name 'Any' is not defined
[2025-07-24 20:33:11] [ERROR] [ERROR] Zone status query failed | error=name 'Any' is not defined
[2025-07-24 20:33:11] [ERROR] [ERROR] Error getting active timers: name 'Any' is not defined
[2025-07-24 20:33:16] [ERROR] [ERROR] Zone status query failed | error=name 'Any' is not defined
[2025-07-24 20:33:16] [ERROR] [ERROR] Error getting active timers: name 'Any' is not defined
[2025-07-24 20:33:21] [ERROR] [ERROR] Zone status query failed | error=name 'Any' is not defined
[2025-07-24 20:33:21] [ERROR] [ERROR] Error getting active timers: name 'Any' is not defined
[2025-07-24 20:33:26] [ERROR] [ERROR] Zone status query failed | error=name 'Any' is not defined
[2025-07-24 20:33:26] [ERROR] [ERROR] Error getting active timers: name 'Any' is not defined
[2025-07-24 20:33:31] [ERROR] [ERROR] Zone status query failed | error=name 'Any' is not defined
[2025-07-24 20:33:31] [ERROR] [ERROR] Error getting active timers: name 'Any' is not defined
[2025-07-24 20:33:36] [ERROR] [ERROR] Zone status query failed | error=name 'Any' is not defined
[2025-07-24 20:33:36] [ERROR] [ERROR] Error getting active timers: name 'Any' is not defined
[2025-07-24 20:33:41] [ERROR] [ERROR] Zone status query failed | error=name 'Any' is not defined
[2025-07-24 20:33:41] [ERROR] [ERROR] Error getting active timers: name 'Any' is not defined
[2025-07-24 20:33:46] [ERROR] [ERROR] Zone status query failed | error=name 'Any' is not defined
[2025-07-24 20:33:46] [ERROR] [ERROR] Error getting active timers: name 'Any' is not defined
[2025-07-24 20:33:51] [ERROR] [ERROR] Zone status query failed | error=name 'Any' is not defined
[2025-07-24 20:33:51] [ERROR] [ERROR] Error getting active timers: name 'Any' is not defined
[2025-07-24 20:33:56] [ERROR] [ERROR] Zone status query failed | error=name 'Any' is not defined
[2025-07-24 20:33:56] [ERROR] [ERROR] Error getting active timers: name 'Any' is not defined
[2025-07-24 20:34:01] [ERROR] [ERROR] Zone status query failed | error=name 'Any' is not defined
[2025-07-24 20:34:01] [ERROR] [ERROR] Error getting active timers: name 'Any' is not defined
[2025-07-24 20:34:06] [ERROR] [ERROR] Zone status query failed | error=name 'Any' is not defined
[2025-07-24 20:34:06] [ERROR] [ERROR] Error getting active timers: name 'Any' is not defined
[2025-07-24 20:34:11] [ERROR] [ERROR] Zone status query failed | error=name 'Any' is not defined
[2025-07-24 20:34:11] [ERROR] [ERROR] Error getting active timers: name 'Any' is not defined
[2025-07-24 20:34:16] [ERROR] [ERROR] Zone status query failed | error=name 'Any' is not defined
[2025-07-24 20:34:16] [ERROR] [ERROR] Error getting active timers: cannot import name 'scheduler' from 'core.scheduler' (C:\Users\Th3Count\WaterMe!\backend\core\scheduler.py)
[2025-07-24 20:34:21] [ERROR] [ERROR] Zone status query failed | error=name 'Any' is not defined
[2025-07-24 20:34:21] [ERROR] [ERROR] Error getting active timers: name 'Any' is not defined
[2025-07-24 20:34:26] [ERROR] [ERROR] Zone status query failed | error=name 'Any' is not defined
[2025-07-24 20:34:26] [ERROR] [ERROR] Error getting active timers: name 'Any' is not defined
[2025-07-24 20:34:31] [ERROR] [ERROR] Zone status query failed | error=name 'Any' is not defined
[2025-07-24 20:34:31] [ERROR] [ERROR] Error getting active timers: cannot import name 'scheduler' from 'core.scheduler' (C:\Users\Th3Count\WaterMe!\backend\core\scheduler.py)
[2025-07-24 20:34:36] [ERROR] [ERROR] Zone status query failed | error=name 'Any' is not defined
[2025-07-24 20:34:36] [ERROR] [ERROR] Error getting active timers: name 'Any' is not defined
[2025-07-24 20:34:41] [ERROR] [ERROR] Zone status query failed | error=name 'Any' is not defined
[2025-07-24 20:34:41] [ERROR] [ERROR] Error getting active timers: cannot import name 'scheduler' from 'core.scheduler' (C:\Users\Th3Count\WaterMe!\backend\core\scheduler.py)
[2025-07-24 20:34:46] [ERROR] [ERROR] Zone status query failed | error=name 'Any' is not defined
[2025-07-24 20:34:46] [ERROR] [ERROR] Error getting active timers: cannot import name 'scheduler' from 'core.scheduler' (C:\Users\Th3Count\WaterMe!\backend\core\scheduler.py)
[2025-07-24 20:34:51] [ERROR] [ERROR] Zone status query failed | error=name 'Any' is not defined
[2025-07-24 20:34:51] [ERROR] [ERROR] Error getting active timers: name 'Any' is not defined
[2025-07-24 20:34:56] [ERROR] [ERROR] Zone status query failed | error=name 'Any' is not defined
[2025-07-24 20:34:56] [ERROR] [ERROR] Error getting active timers: cannot import name 'scheduler' from 'core.scheduler' (C:\Users\Th3Count\WaterMe!\backend\core\scheduler.py)
[2025-07-24 20:35:01] [ERROR] [ERROR] Zone status query failed | error=name 'Any' is not defined
[2025-07-24 20:35:01] [ERROR] [ERROR] Error getting active timers: name 'Any' is not defined
[2025-07-24 20:35:06] [ERROR] [ERROR] Zone status query failed | error=name 'Any' is not defined
[2025-07-24 20:35:06] [ERROR] [ERROR] Error getting active timers: cannot import name 'scheduler' from 'core.scheduler' (C:\Users\Th3Count\WaterMe!\backend\core\scheduler.py)
[2025-07-24 20:35:11] [ERROR] [ERROR] Zone status query failed | error=name 'Any' is not defined
[2025-07-24 20:35:11] [ERROR] [ERROR] Error getting active timers: name 'Any' is not defined
[2025-07-24 20:35:16] [ERROR] [ERROR] Zone status query failed | error=name 'Any' is not defined
[2025-07-24 20:35:16] [ERROR] [ERROR] Error getting active timers: name 'Any' is not defined
[2025-07-24 20:35:21] [ERROR] [ERROR] Zone status query failed | error=name 'Any' is not defined
[2025-07-24 20:35:21] [ERROR] [ERROR] Error getting active timers: name 'Any' is not defined
[2025-07-24 20:35:26] [ERROR] [ERROR] Zone status query failed | error=name 'Any' is not defined
[2025-07-24 20:35:26] [ERROR] [ERROR] Error getting active timers: name 'Any' is not defined
[2025-07-24 20:35:31] [ERROR] [ERROR] Zone status query failed | error=name 'Any' is not defined
[2025-07-24 20:35:31] [ERROR] [ERROR] Error getting active timers: name 'Any' is not defined
[2025-07-24 20:35:32] [ERROR] [ERROR] Zone status query failed | error=name 'Any' is not defined
[2025-07-24 20:35:32] [ERROR] [ERROR] Error getting active timers: cannot import name 'scheduler' from 'core.scheduler' (C:\Users\Th3Count\WaterMe!\backend\core\scheduler.py)
[2025-07-24 20:35:32] [ERROR] [ERROR] Zone status query failed | error=name 'Any' is not defined
[2025-07-24 20:35:32] [ERROR] [ERROR] Error getting active timers: cannot import name 'scheduler' from 'core.scheduler' (C:\Users\Th3Count\WaterMe!\backend\core\scheduler.py)
[2025-07-24 20:35:37] [ERROR] [ERROR] Zone status query failed | error=name 'Any' is not defined
[2025-07-24 20:35:37] [ERROR] [ERROR] Error getting active timers: name 'Any' is not defined
[2025-07-24 20:35:42] [ERROR] [ERROR] Zone status query failed | error=name 'Any' is not defined
[2025-07-24 20:35:42] [ERROR] [ERROR] Error getting active timers: name 'Any' is not defined
[2025-07-24 20:35:47] [ERROR] [ERROR] Zone status query failed | error=name 'Any' is not defined
[2025-07-24 20:35:47] [ERROR] [ERROR] Error getting active timers: name 'Any' is not defined
[2025-07-24 20:35:52] [ERROR] [ERROR] Zone status query failed | error=name 'Any' is not defined
[2025-07-24 20:35:52] [ERROR] [ERROR] Error getting active timers: name 'Any' is not defined
[2025-07-24 20:35:57] [ERROR] [ERROR] Zone status query failed | error=name 'Any' is not defined
[2025-07-24 20:35:57] [ERROR] [ERROR] Error getting active timers: name 'Any' is not defined
[2025-07-24 20:35:58] [ERROR] [ERROR] Zone status query failed | error=name 'Any' is not defined
[2025-07-24 20:35:58] [ERROR] [ERROR] Error getting active timers: name 'Any' is not defined
[2025-07-24 20:35:58] [ERROR] [ERROR] Zone status query failed | error=name 'Any' is not defined
[2025-07-24 20:35:58] [ERROR] [ERROR] Error getting active timers: cannot import name 'scheduler' from 'core.scheduler' (C:\Users\Th3Count\WaterMe!\backend\core\scheduler.py)
[2025-07-24 20:36:02] [ERROR] [ERROR] Zone status query failed | error=name 'Any' is not defined
[2025-07-24 20:36:02] [ERROR] [ERROR] Error getting active timers: name 'Any' is not defined
[2025-07-24 20:36:02] [ERROR] [ERROR] Zone status query failed | error=name 'Any' is not defined
[2025-07-24 20:36:02] [ERROR] [ERROR] Error getting active timers: name 'Any' is not defined
[2025-07-24 20:36:07] [ERROR] [ERROR] Zone status query failed | error=name 'Any' is not defined
[2025-07-24 20:36:07] [ERROR] [ERROR] Error getting active timers: name 'Any' is not defined
[2025-07-24 20:36:09] [ERROR] [ERROR] Zone status query failed | error=name 'Any' is not defined
[2025-07-24 20:36:09] [ERROR] [ERROR] Error getting active timers: name 'Any' is not defined
[2025-07-24 20:36:09] [ERROR] [ERROR] Zone status query failed | error=name 'Any' is not defined
[2025-07-24 20:36:09] [ERROR] [ERROR] Error getting active timers: cannot import name 'scheduler' from 'core.scheduler' (C:\Users\Th3Count\WaterMe!\backend\core\scheduler.py)
[2025-07-24 20:36:14] [ERROR] [ERROR] Zone status query failed | error=name 'Any' is not defined
[2025-07-24 20:36:14] [ERROR] [ERROR] Error getting active timers: name 'Any' is not defined
[2025-07-24 20:36:19] [ERROR] [ERROR] Zone status query failed | error=name 'Any' is not defined
[2025-07-24 20:36:19] [ERROR] [ERROR] Error getting active timers: name 'Any' is not defined
[2025-07-24 20:36:24] [ERROR] [ERROR] Zone status query failed | error=name 'Any' is not defined
[2025-07-24 20:36:24] [ERROR] [ERROR] Error getting active timers: cannot import name 'scheduler' from 'core.scheduler' (C:\Users\Th3Count\WaterMe!\backend\core\scheduler.py)
[2025-07-24 20:36:29] [ERROR] [ERROR] Zone status query failed | error=name 'Any' is not defined
[2025-07-24 20:36:29] [ERROR] [ERROR] Error getting active timers: name 'Any' is not defined
[2025-07-24 20:36:34] [ERROR] [ERROR] Zone status query failed | error=name 'Any' is not defined
[2025-07-24 20:36:34] [ERROR] [ERROR] Error getting active timers: cannot import name 'scheduler' from 'core.scheduler' (C:\Users\Th3Count\WaterMe!\backend\core\scheduler.py)
[2025-07-24 20:36:39] [ERROR] [ERROR] Zone status query failed | error=name 'Any' is not defined
[2025-07-24 20:36:39] [ERROR] [ERROR] Error getting active timers: name 'Any' is not defined
[2025-07-24 20:36:44] [ERROR] [ERROR] Zone status query failed | error=name 'Any' is not defined
[2025-07-24 20:36:44] [ERROR] [ERROR] Error getting active timers: cannot import name 'scheduler' from 'core.scheduler' (C:\Users\Th3Count\WaterMe!\backend\core\scheduler.py)
[2025-07-24 20:36:49] [ERROR] [ERROR] Zone status query failed | error=name 'Any' is not defined
[2025-07-24 20:36:49] [ERROR] [ERROR] Error getting active timers: name 'Any' is not defined
[2025-07-24 20:36:54] [ERROR] [ERROR] Zone status query failed | error=name 'Any' is not defined
[2025-07-24 20:36:54] [ERROR] [ERROR] Error getting active timers: name 'Any' is not defined
[2025-07-24 20:36:59] [ERROR] [ERROR] Zone status query failed | error=name 'Any' is not defined
[2025-07-24 20:36:59] [ERROR] [ERROR] Error getting active timers: name 'Any' is not defined
[2025-07-24 20:37:04] [ERROR] [ERROR] Zone status query failed | error=name 'Any' is not defined
[2025-07-24 20:37:04] [ERROR] [ERROR] Error getting active timers: name 'Any' is not defined
[2025-07-24 20:37:09] [ERROR] [ERROR] Zone status query failed | error=name 'Any' is not defined
[2025-07-24 20:37:09] [ERROR] [ERROR] Error getting active timers: name 'Any' is not defined
[2025-07-24 20:37:14] [ERROR] [ERROR] Zone status query failed | error=name 'Any' is not defined
[2025-07-24 20:37:14] [ERROR] [ERROR] Error getting active timers: name 'Any' is not defined
[2025-07-24 20:37:19] [ERROR] [ERROR] Zone status query failed | error=name 'Any' is not defined
[2025-07-24 20:37:19] [ERROR] [ERROR] Error getting active timers: name 'Any' is not defined
[2025-07-24 20:37:24] [ERROR] [ERROR] Zone status query failed | error=name 'Any' is not defined
[2025-07-24 20:37:24] [ERROR] [ERROR] Error getting active timers: cannot import name 'scheduler' from 'core.scheduler' (C:\Users\Th3Count\WaterMe!\backend\core\scheduler.py)
[2025-07-24 20:37:29] [ERROR] [ERROR] Zone status query failed | error=name 'Any' is not defined
[2025-07-24 20:37:29] [ERROR] [ERROR] Error getting active timers: name 'Any' is not defined
[2025-07-24 20:37:34] [ERROR] [ERROR] Zone status query failed | error=name 'Any' is not defined
[2025-07-24 20:37:34] [ERROR] [ERROR] Error getting active timers: name 'Any' is not defined
[2025-07-24 20:37:39] [ERROR] [ERROR] Zone status query failed | error=name 'Any' is not defined
[2025-07-24 20:37:39] [ERROR] [ERROR] Error getting active timers: name 'Any' is not defined
[2025-07-24 20:37:44] [ERROR] [ERROR] Zone status query failed | error=name 'Any' is not defined
[2025-07-24 20:37:44] [ERROR] [ERROR] Error getting active timers: name 'Any' is not defined
[2025-07-24 20:37:49] [ERROR] [ERROR] Zone status query failed | error=name 'Any' is not defined
[2025-07-24 20:37:49] [ERROR] [ERROR] Error getting active timers: cannot import name 'scheduler' from 'core.scheduler' (C:\Users\Th3Count\WaterMe!\backend\core\scheduler.py)
[2025-07-24 20:37:54] [ERROR] [ERROR] Zone status query failed | error=name 'Any' is not defined
[2025-07-24 20:37:54] [ERROR] [ERROR] Error getting active timers: name 'Any' is not defined
[2025-07-24 20:37:59] [ERROR] [ERROR] Zone status query failed | error=name 'Any' is not defined
[2025-07-24 20:37:59] [ERROR] [ERROR] Error getting active timers: name 'Any' is not defined
[2025-07-24 20:38:04] [ERROR] [ERROR] Zone status query failed | error=name 'Any' is not defined
[2025-07-24 20:38:04] [ERROR] [ERROR] Error getting active timers: cannot import name 'scheduler' from 'core.scheduler' (C:\Users\Th3Count\WaterMe!\backend\core\scheduler.py)
[2025-07-24 20:38:09] [ERROR] [ERROR] Zone status query failed | error=name 'Any' is not defined
[2025-07-24 20:38:09] [ERROR] [ERROR] Error getting active timers: name 'Any' is not defined
[2025-07-24 20:38:14] [ERROR] [ERROR] Zone status query failed | error=name 'Any' is not defined
[2025-07-24 20:38:14] [ERROR] [ERROR] Error getting active timers: name 'Any' is not defined
[2025-07-24 20:38:15] [ERROR] [ERROR] Zone status query failed | error=name 'Any' is not defined
[2025-07-24 20:38:15] [ERROR] [ERROR] Error getting active timers: cannot import name 'scheduler' from 'core.scheduler' (C:\Users\Th3Count\WaterMe!\backend\core\scheduler.py)
[2025-07-24 20:38:15] [ERROR] [ERROR] Zone status query failed | error=name 'Any' is not defined
[2025-07-24 20:38:16] [ERROR] [ERROR] Error getting active timers: name 'Any' is not defined
[2025-07-24 20:38:17] [ERROR] [ERROR] Zone status query failed | error=name 'Any' is not defined
[2025-07-24 20:38:17] [ERROR] [ERROR] Error getting active timers: name 'Any' is not defined
[2025-07-24 20:38:17] [ERROR] [ERROR] Zone status query failed | error=cannot import name 'scheduler' from 'core.scheduler' (C:\Users\Th3Count\WaterMe!\backend\core\scheduler.py)
[2025-07-24 20:38:17] [ERROR] [ERROR] Error getting active timers: name 'Any' is not defined
[2025-07-24 20:38:22] [ERROR] [ERROR] Zone status query failed | error=name 'Any' is not defined
[2025-07-24 20:38:22] [ERROR] [ERROR] Error getting active timers: name 'Any' is not defined
[2025-07-24 20:38:26] [ERROR] [ERROR] Zone status query failed | error=name 'Any' is not defined
[2025-07-24 20:38:26] [ERROR] [ERROR] Error getting active timers: name 'Any' is not defined
[2025-07-24 20:38:26] [ERROR] [ERROR] Zone status query failed | error=name 'Any' is not defined
[2025-07-24 20:38:26] [ERROR] [ERROR] Error getting active timers: name 'Any' is not defined
[2025-07-24 20:38:27] [ERROR] [ERROR] Zone status query failed | error=name 'Any' is not defined
[2025-07-24 20:38:27] [ERROR] [ERROR] Error getting active timers: cannot import name 'scheduler' from 'core.scheduler' (C:\Users\Th3Count\WaterMe!\backend\core\scheduler.py)
[2025-07-24 20:38:27] [ERROR] [ERROR] Zone status query failed | error=name 'Any' is not defined
[2025-07-24 20:38:27] [ERROR] [ERROR] Error getting active timers: cannot import name 'scheduler' from 'core.scheduler' (C:\Users\Th3Count\WaterMe!\backend\core\scheduler.py)
[2025-07-24 20:38:32] [ERROR] [ERROR] Zone status query failed | error=name 'Any' is not defined
[2025-07-24 20:38:32] [ERROR] [ERROR] Error getting active timers: name 'Any' is not defined
[2025-07-24 20:38:35] [ERROR] [ERROR] Manual timer failed - scheduler error | zone_id=1 duration=1 error=name 'Any' is not defined
[2025-07-24 20:38:37] [ERROR] [ERROR] Zone status query failed | error=name 'Any' is not defined
[2025-07-24 20:38:37] [ERROR] [ERROR] Error getting active timers: name 'Any' is not defined
[2025-07-24 20:38:42] [ERROR] [ERROR] Zone status query failed | error=name 'Any' is not defined
[2025-07-24 20:38:42] [ERROR] [ERROR] Error getting active timers: name 'Any' is not defined
[2025-07-24 20:38:47] [ERROR] [ERROR] Zone status query failed | error=name 'Any' is not defined
[2025-07-24 20:38:47] [ERROR] [ERROR] Error getting active timers: cannot import name 'scheduler' from 'core.scheduler' (C:\Users\Th3Count\WaterMe!\backend\core\scheduler.py)
[2025-07-24 20:38:52] [ERROR] [ERROR] Zone status query failed | error=name 'Any' is not defined
[2025-07-24 20:38:52] [ERROR] [ERROR] Error getting active timers: name 'Any' is not defined
[2025-07-24 20:38:57] [ERROR] [ERROR] Zone status query failed | error=name 'Any' is not defined
[2025-07-24 20:38:57] [ERROR] [ERROR] Error getting active timers: name 'Any' is not defined
[2025-07-24 20:39:02] [ERROR] [ERROR] Zone status query failed | error=name 'Any' is not defined
[2025-07-24 20:39:02] [ERROR] [ERROR] Error getting active timers: cannot import name 'scheduler' from 'core.scheduler' (C:\Users\Th3Count\WaterMe!\backend\core\scheduler.py)
[2025-07-24 20:39:07] [ERROR] [ERROR] Zone status query failed | error=name 'Any' is not defined
[2025-07-24 20:39:07] [ERROR] [ERROR] Error getting active timers: name 'Any' is not defined
[2025-07-24 20:39:12] [ERROR] [ERROR] Zone status query failed | error=name 'Any' is not defined
[2025-07-24 20:39:12] [ERROR] [ERROR] Error getting active timers: name 'Any' is not defined
[2025-07-24 20:39:17] [ERROR] [ERROR] Zone status query failed | error=name 'Any' is not defined
[2025-07-24 20:39:17] [ERROR] [ERROR] Error getting active timers: cannot import name 'scheduler' from 'core.scheduler' (C:\Users\Th3Count\WaterMe!\backend\core\scheduler.py)
[2025-07-24 20:39:22] [ERROR] [ERROR] Zone status query failed | error=name 'Any' is not defined
[2025-07-24 20:39:22] [ERROR] [ERROR] Error getting active timers: name 'Any' is not defined
[2025-07-24 20:39:27] [ERROR] [ERROR] Zone status query failed | error=name 'Any' is not defined
[2025-07-24 20:39:27] [ERROR] [ERROR] Error getting active timers: name 'Any' is not defined
[2025-07-24 20:39:32] [ERROR] [ERROR] Zone status query failed | error=name 'Any' is not defined
[2025-07-24 20:39:32] [ERROR] [ERROR] Error getting active timers: name 'Any' is not defined
[2025-07-24 20:39:37] [ERROR] [ERROR] Zone status query failed | error=name 'Any' is not defined
[2025-07-24 20:39:37] [ERROR] [ERROR] Error getting active timers: name 'Any' is not defined
[2025-07-24 20:39:42] [ERROR] [ERROR] Zone status query failed | error=name 'Any' is not defined
[2025-07-24 20:39:42] [ERROR] [ERROR] Error getting active timers: name 'Any' is not defined
[2025-07-24 20:39:47] [ERROR] [ERROR] Zone status query failed | error=name 'Any' is not defined
[2025-07-24 20:39:47] [ERROR] [ERROR] Error getting active timers: name 'Any' is not defined
[2025-07-24 20:39:52] [ERROR] [ERROR] Zone status query failed | error=name 'Any' is not defined
[2025-07-24 20:39:52] [ERROR] [ERROR] Error getting active timers: name 'Any' is not defined
[2025-07-24 20:39:57] [ERROR] [ERROR] Zone status query failed | error=name 'Any' is not defined
[2025-07-24 20:39:57] [ERROR] [ERROR] Error getting active timers: cannot import name 'scheduler' from 'core.scheduler' (C:\Users\Th3Count\WaterMe!\backend\core\scheduler.py)
[2025-07-24 20:40:02] [ERROR] [ERROR] Zone status query failed | error=name 'Any' is not defined
[2025-07-24 20:40:02] [ERROR] [ERROR] Error getting active timers: name 'Any' is not defined
[2025-07-24 20:40:07] [ERROR] [ERROR] Zone status query failed | error=name 'Any' is not defined
[2025-07-24 20:40:07] [ERROR] [ERROR] Error getting active timers: cannot import name 'scheduler' from 'core.scheduler' (C:\Users\Th3Count\WaterMe!\backend\core\scheduler.py)
[2025-07-24 20:40:12] [ERROR] [ERROR] Zone status query failed | error=name 'Any' is not defined
[2025-07-24 20:40:12] [ERROR] [ERROR] Error getting active timers: cannot import name 'scheduler' from 'core.scheduler' (C:\Users\Th3Count\WaterMe!\backend\core\scheduler.py)
[2025-07-24 20:40:17] [ERROR] [ERROR] Zone status query failed | error=name 'Any' is not defined
[2025-07-24 20:40:17] [ERROR] [ERROR] Error getting active timers: cannot import name 'scheduler' from 'core.scheduler' (C:\Users\Th3Count\WaterMe!\backend\core\scheduler.py)
[2025-07-24 20:40:22] [ERROR] [ERROR] Zone status query failed | error=name 'Any' is not defined
[2025-07-24 20:40:22] [ERROR] [ERROR] Error getting active timers: name 'Any' is not defined
[2025-07-24 20:40:27] [ERROR] [ERROR] Zone status query failed | error=name 'Any' is not defined
[2025-07-24 20:40:27] [ERROR] [ERROR] Error getting active timers: cannot import name 'scheduler' from 'core.scheduler' (C:\Users\Th3Count\WaterMe!\backend\core\scheduler.py)
[2025-07-24 20:40:32] [ERROR] [ERROR] Zone status query failed | error=name 'Any' is not defined
[2025-07-24 20:40:32] [ERROR] [ERROR] Error getting active timers: cannot import name 'scheduler' from 'core.scheduler' (C:\Users\Th3Count\WaterMe!\backend\core\scheduler.py)
[2025-07-24 20:40:37] [ERROR] [ERROR] Zone status query failed | error=name 'Any' is not defined
[2025-07-24 20:40:37] [ERROR] [ERROR] Error getting active timers: cannot import name 'scheduler' from 'core.scheduler' (C:\Users\Th3Count\WaterMe!\backend\core\scheduler.py)
[2025-07-24 20:40:42] [ERROR] [ERROR] Zone status query failed | error=name 'Any' is not defined
[2025-07-24 20:40:42] [ERROR] [ERROR] Error getting active timers: cannot import name 'scheduler' from 'core.scheduler' (C:\Users\Th3Count\WaterMe!\backend\core\scheduler.py)
[2025-07-24 20:40:47] [ERROR] [ERROR] Zone status query failed | error=name 'Any' is not defined
[2025-07-24 20:40:47] [ERROR] [ERROR] Error getting active timers: name 'Any' is not defined
[2025-07-24 20:40:52] [ERROR] [ERROR] Zone status query failed | error=name 'Any' is not defined
[2025-07-24 20:40:52] [ERROR] [ERROR] Error getting active timers: name 'Any' is not defined
[2025-07-24 20:40:56] [ERROR] [ERROR] Zone status query failed | error=name 'Any' is not defined
[2025-07-24 20:40:56] [ERROR] [ERROR] Error getting active timers: name 'Any' is not defined
[2025-07-24 20:40:56] [ERROR] [ERROR] Zone status query failed | error=name 'Any' is not defined
[2025-07-24 20:40:56] [ERROR] [ERROR] Error getting active timers: cannot import name 'scheduler' from 'core.scheduler' (C:\Users\Th3Count\WaterMe!\backend\core\scheduler.py)
[2025-07-24 20:41:01] [ERROR] [ERROR] Zone status query failed | error=name 'Any' is not defined
[2025-07-24 20:41:01] [ERROR] [ERROR] Error getting active timers: cannot import name 'scheduler' from 'core.scheduler' (C:\Users\Th3Count\WaterMe!\backend\core\scheduler.py)
[2025-07-24 20:41:06] [ERROR] [ERROR] Zone status query failed | error=name 'Any' is not defined
[2025-07-24 20:41:06] [ERROR] [ERROR] Error getting active timers: name 'Any' is not defined
[2025-07-24 20:42:33] [ERROR] [ERROR] Zone status query failed | error=name 'Any' is not defined
[2025-07-24 20:42:37] [ERROR] [ERROR] Zone status query failed | error=name 'Any' is not defined
[2025-07-24 20:42:41] [ERROR] [ERROR] Zone status query failed | error=name 'Any' is not defined
[2025-07-24 20:42:46] [ERROR] [ERROR] Zone status query failed | error=name 'Any' is not defined
[2025-07-24 20:42:46] [ERROR] [ERROR] Error getting active timers: name 'Any' is not defined
[2025-07-24 20:42:46] [ERROR] [ERROR] Zone status query failed | error=name 'Any' is not defined
[2025-07-24 20:42:46] [ERROR] [ERROR] Error getting active timers: name 'Any' is not defined
[2025-07-24 20:42:51] [ERROR] [ERROR] Zone status query failed | error=name 'Any' is not defined
[2025-07-24 20:42:56] [ERROR] [ERROR] Zone status query failed | error=name 'Any' is not defined
[2025-07-24 20:42:56] [ERROR] [ERROR] Error getting active timers: name 'Any' is not defined
[2025-07-24 20:43:01] [ERROR] [ERROR] Zone status query failed | error=name 'Any' is not defined
[2025-07-24 20:43:01] [ERROR] [ERROR] Error getting active timers: name 'Any' is not defined
[2025-07-24 20:43:06] [ERROR] [ERROR] Zone status query failed | error=name 'Any' is not defined
[2025-07-24 20:43:06] [ERROR] [ERROR] Error getting active timers: name 'Any' is not defined
[2025-07-24 20:43:11] [ERROR] [ERROR] Zone status query failed | error=name 'Any' is not defined
[2025-07-24 20:43:11] [ERROR] [ERROR] Error getting active timers: name 'Any' is not defined
[2025-07-24 20:43:16] [ERROR] [ERROR] Zone status query failed | error=name 'Any' is not defined
[2025-07-24 20:43:16] [ERROR] [ERROR] Error getting active timers: name 'Any' is not defined
[2025-07-24 20:43:21] [ERROR] [ERROR] Zone status query failed | error=name 'Any' is not defined
[2025-07-24 20:43:26] [ERROR] [ERROR] Zone status query failed | error=name 'Any' is not defined
[2025-07-24 20:43:26] [ERROR] [ERROR] Error getting active timers: name 'Any' is not defined
[2025-07-24 20:43:31] [ERROR] [ERROR] Zone status query failed | error=name 'Any' is not defined
[2025-07-24 20:43:31] [ERROR] [ERROR] Error getting active timers: name 'Any' is not defined
[2025-07-24 20:43:36] [ERROR] [ERROR] Zone status query failed | error=name 'Any' is not defined
[2025-07-24 20:43:41] [ERROR] [ERROR] Zone status query failed | error=name 'Any' is not defined
[2025-07-24 20:43:41] [ERROR] [ERROR] Error getting active timers: name 'Any' is not defined
[2025-07-24 20:43:46] [ERROR] [ERROR] Zone status query failed | error=name 'Any' is not defined
[2025-07-24 20:43:46] [ERROR] [ERROR] Error getting active timers: name 'Any' is not defined
[2025-07-24 20:43:51] [ERROR] [ERROR] Zone status query failed | error=name 'Any' is not defined
[2025-07-24 20:43:51] [ERROR] [ERROR] Error getting active timers: name 'Any' is not defined
[2025-07-24 20:43:56] [ERROR] [ERROR] Zone status query failed | error=name 'Any' is not defined
[2025-07-24 20:43:56] [ERROR] [ERROR] Error getting active timers: name 'Any' is not defined
[2025-07-24 20:43:59] [ERROR] [ERROR] Zone status query failed | error=name 'Any' is not defined
[2025-07-24 20:43:59] [ERROR] [ERROR] Error getting active timers: name 'Any' is not defined
[2025-07-24 20:43:59] [ERROR] [ERROR] Zone status query failed | error=name 'Any' is not defined
[2025-07-24 20:43:59] [ERROR] [ERROR] Error getting active timers: name 'Any' is not defined
[2025-07-24 20:44:04] [ERROR] [ERROR] Zone status query failed | error=name 'Any' is not defined
[2025-07-24 20:44:04] [ERROR] [ERROR] Error getting active timers: name 'Any' is not defined
[2025-07-24 20:44:09] [ERROR] [ERROR] Zone status query failed | error=name 'Any' is not defined
[2025-07-24 20:44:14] [ERROR] [ERROR] Zone status query failed | error=name 'Any' is not defined
[2025-07-24 20:44:14] [ERROR] [ERROR] Error getting active timers: name 'Any' is not defined
[2025-07-24 20:44:19] [ERROR] [ERROR] Zone status query failed | error=name 'Any' is not defined
[2025-07-24 21:26:59] [ERROR] [error] Failed to calculate smart schedule for newly converted zone | zone_id=2 error=No plants found in zone
[2025-07-24 21:27:33] [ERROR] [error] Failed to calculate smart schedule for newly converted zone | zone_id=3 error=No plants found in zone
