[2025-08-06 17:12:25] [INFO] [watering] Triggering initial smart duration refresh after initialization
[2025-08-06 17:12:25] [DEBUG] [watering] Starting smart zone duration calculation | zone_id=1 mock_mode=False
[2025-08-06 17:12:25] [DEBUG] [watering] Zone frequency analysis | zone_id=1 zone_frequency=D1 cycles_per_week=7.0
[2025-08-06 17:12:25] [DEBUG] [watering] Found plants in zone | zone_id=1 plant_count=2
[2025-08-06 17:12:25] [DEBUG] [watering] Processing plant for duration calculation | instance_id=1 plant_id=1 library_book=fruitbushes plant_name=Strawberry, Red
[2025-08-06 17:12:25] [DEBUG] [watering] Plant water requirements | instance_id=1 plant_id=1 water_optimal_in_week=1.5 root_area_sqft=0.45 emitter_size=0.2 quantity=1
[2025-08-06 17:12:25] [DEBUG] [watering] Volume calculation breakdown | instance_id=1 plant_id=1 weekly_volume_per_plant=0.42052500000000004 volume_per_plant_per_cycle=0.060075 cycles_per_week=7.0 time_per_plant_seconds=1081.35
[2025-08-06 17:12:25] [DEBUG] [watering] Processing plant for duration calculation | instance_id=2 plant_id=1 library_book=fruitbushes plant_name=Strawberry, Red
[2025-08-06 17:12:25] [DEBUG] [watering] Plant water requirements | instance_id=2 plant_id=1 water_optimal_in_week=1.5 root_area_sqft=0.45 emitter_size=0.2 quantity=1
[2025-08-06 17:12:25] [DEBUG] [watering] Volume calculation breakdown | instance_id=2 plant_id=1 weekly_volume_per_plant=0.42052500000000004 volume_per_plant_per_cycle=0.060075 cycles_per_week=7.0 time_per_plant_seconds=1081.35
[2025-08-06 17:12:25] [DEBUG] [watering] Duration calculation summary | zone_id=1 total_seconds=2162.7 total_plants=2 cycles_per_week=7.0 zone_frequency=D1
[2025-08-06 17:12:25] [INFO] [watering] Smart zone duration calculated | zone_id=1 total_plants=2 total_seconds=2162.7 average_seconds=1081.35 calculated_duration=00:18:01 plant_count=2 cycles_per_week=7.0 zone_frequency=D1 mock_mode=False
[2025-08-06 17:12:25] [INFO] [watering] Smart duration refresh completed | zones_updated=1 zones_skipped=7 total_zones_checked=8
[2025-08-06 17:12:25] [INFO] [watering] Initial smart duration refresh completed | zones_updated=1
[2025-08-06 17:13:20] [DEBUG] [watering] Starting smart zone duration calculation | zone_id=1 mock_mode=False
[2025-08-06 17:13:20] [DEBUG] [watering] Zone frequency analysis | zone_id=1 zone_frequency=D1 cycles_per_week=7.0
[2025-08-06 17:13:20] [DEBUG] [watering] Found plants in zone | zone_id=1 plant_count=2
[2025-08-06 17:13:20] [DEBUG] [watering] Processing plant for duration calculation | instance_id=1 plant_id=1 library_book=fruitbushes plant_name=Strawberry, Red
[2025-08-06 17:13:20] [DEBUG] [watering] Plant water requirements | instance_id=1 plant_id=1 water_optimal_in_week=1.5 root_area_sqft=0.45 emitter_size=0.2 quantity=1
[2025-08-06 17:13:20] [DEBUG] [watering] Volume calculation breakdown | instance_id=1 plant_id=1 weekly_volume_per_plant=0.42052500000000004 volume_per_plant_per_cycle=0.060075 cycles_per_week=7.0 time_per_plant_seconds=1081.35
[2025-08-06 17:13:20] [DEBUG] [watering] Processing plant for duration calculation | instance_id=2 plant_id=1 library_book=fruitbushes plant_name=Strawberry, Red
[2025-08-06 17:13:20] [DEBUG] [watering] Plant water requirements | instance_id=2 plant_id=1 water_optimal_in_week=1.5 root_area_sqft=0.45 emitter_size=0.2 quantity=1
[2025-08-06 17:13:20] [DEBUG] [watering] Volume calculation breakdown | instance_id=2 plant_id=1 weekly_volume_per_plant=0.42052500000000004 volume_per_plant_per_cycle=0.060075 cycles_per_week=7.0 time_per_plant_seconds=1081.35
[2025-08-06 17:13:20] [DEBUG] [watering] Duration calculation summary | zone_id=1 total_seconds=2162.7 total_plants=2 cycles_per_week=7.0 zone_frequency=D1
[2025-08-06 17:13:20] [INFO] [watering] Smart zone duration calculated | zone_id=1 total_plants=2 total_seconds=2162.7 average_seconds=1081.35 calculated_duration=00:18:01 plant_count=2 cycles_per_week=7.0 zone_frequency=D1 mock_mode=False
[2025-08-06 17:13:20] [INFO] [watering] Smart duration refresh completed | zones_updated=1 zones_skipped=7 total_zones_checked=8
[2025-08-06 17:13:20] [INFO] [watering] Daily smart duration refresh completed | zones_updated=1
[2025-08-06 17:13:45] [INFO] [watering] Triggering initial smart duration refresh after initialization
[2025-08-06 17:13:45] [DEBUG] [watering] Starting smart zone duration calculation | zone_id=1 mock_mode=False
[2025-08-06 17:13:45] [DEBUG] [watering] Zone frequency analysis | zone_id=1 zone_frequency=D1 cycles_per_week=7.0
[2025-08-06 17:13:45] [DEBUG] [watering] Found plants in zone | zone_id=1 plant_count=2
[2025-08-06 17:13:45] [DEBUG] [watering] Processing plant for duration calculation | instance_id=1 plant_id=1 library_book=fruitbushes plant_name=Strawberry, Red
[2025-08-06 17:13:45] [DEBUG] [watering] Plant water requirements | instance_id=1 plant_id=1 water_optimal_in_week=1.5 root_area_sqft=0.45 emitter_size=0.2 quantity=1
[2025-08-06 17:13:45] [DEBUG] [watering] Volume calculation breakdown | instance_id=1 plant_id=1 weekly_volume_per_plant=0.42052500000000004 volume_per_plant_per_cycle=0.060075 cycles_per_week=7.0 time_per_plant_seconds=1081.35
[2025-08-06 17:13:45] [DEBUG] [watering] Processing plant for duration calculation | instance_id=2 plant_id=1 library_book=fruitbushes plant_name=Strawberry, Red
[2025-08-06 17:13:45] [DEBUG] [watering] Plant water requirements | instance_id=2 plant_id=1 water_optimal_in_week=1.5 root_area_sqft=0.45 emitter_size=0.2 quantity=1
[2025-08-06 17:13:45] [DEBUG] [watering] Volume calculation breakdown | instance_id=2 plant_id=1 weekly_volume_per_plant=0.42052500000000004 volume_per_plant_per_cycle=0.060075 cycles_per_week=7.0 time_per_plant_seconds=1081.35
[2025-08-06 17:13:45] [DEBUG] [watering] Duration calculation summary | zone_id=1 total_seconds=2162.7 total_plants=2 cycles_per_week=7.0 zone_frequency=D1
[2025-08-06 17:13:45] [INFO] [watering] Smart zone duration calculated | zone_id=1 total_plants=2 total_seconds=2162.7 average_seconds=1081.35 calculated_duration=00:18:01 plant_count=2 cycles_per_week=7.0 zone_frequency=D1 mock_mode=False
[2025-08-06 17:13:45] [INFO] [watering] Smart duration refresh completed | zones_updated=1 zones_skipped=7 total_zones_checked=8
[2025-08-06 17:13:45] [INFO] [watering] Initial smart duration refresh completed | zones_updated=1
[2025-08-06 17:14:41] [INFO] [watering] Triggering initial smart duration refresh after initialization
[2025-08-06 17:14:41] [DEBUG] [watering] Starting smart zone duration calculation | zone_id=1 mock_mode=False
[2025-08-06 17:14:41] [DEBUG] [watering] Zone frequency analysis | zone_id=1 zone_frequency=D1 cycles_per_week=7.0
[2025-08-06 17:14:41] [DEBUG] [watering] Found plants in zone | zone_id=1 plant_count=2
[2025-08-06 17:14:41] [DEBUG] [watering] Processing plant for duration calculation | instance_id=1 plant_id=1 library_book=fruitbushes plant_name=Strawberry, Red
[2025-08-06 17:14:41] [DEBUG] [watering] Plant water requirements | instance_id=1 plant_id=1 water_optimal_in_week=1.5 root_area_sqft=0.45 emitter_size=0.2 quantity=1
[2025-08-06 17:14:41] [DEBUG] [watering] Volume calculation breakdown | instance_id=1 plant_id=1 weekly_volume_per_plant=0.42052500000000004 volume_per_plant_per_cycle=0.060075 cycles_per_week=7.0 time_per_plant_seconds=1081.35
[2025-08-06 17:14:41] [DEBUG] [watering] Processing plant for duration calculation | instance_id=2 plant_id=1 library_book=fruitbushes plant_name=Strawberry, Red
[2025-08-06 17:14:41] [DEBUG] [watering] Plant water requirements | instance_id=2 plant_id=1 water_optimal_in_week=1.5 root_area_sqft=0.45 emitter_size=0.2 quantity=1
[2025-08-06 17:14:41] [DEBUG] [watering] Volume calculation breakdown | instance_id=2 plant_id=1 weekly_volume_per_plant=0.42052500000000004 volume_per_plant_per_cycle=0.060075 cycles_per_week=7.0 time_per_plant_seconds=1081.35
[2025-08-06 17:14:41] [DEBUG] [watering] Duration calculation summary | zone_id=1 total_seconds=2162.7 total_plants=2 cycles_per_week=7.0 zone_frequency=D1
[2025-08-06 17:14:41] [INFO] [watering] Smart zone duration calculated | zone_id=1 total_plants=2 total_seconds=2162.7 average_seconds=1081.35 calculated_duration=00:18:01 plant_count=2 cycles_per_week=7.0 zone_frequency=D1 mock_mode=False
[2025-08-06 17:14:41] [INFO] [watering] Smart duration refresh completed | zones_updated=1 zones_skipped=7 total_zones_checked=8
[2025-08-06 17:14:41] [INFO] [watering] Initial smart duration refresh completed | zones_updated=1
[2025-08-06 17:15:13] [INFO] [watering] Triggering initial smart duration refresh after initialization
[2025-08-06 17:15:13] [DEBUG] [watering] Starting smart zone duration calculation | zone_id=1 mock_mode=False
[2025-08-06 17:15:13] [DEBUG] [watering] Zone frequency analysis | zone_id=1 zone_frequency=D1 cycles_per_week=7.0
[2025-08-06 17:15:13] [DEBUG] [watering] Found plants in zone | zone_id=1 plant_count=2
[2025-08-06 17:15:13] [DEBUG] [watering] Processing plant for duration calculation | instance_id=1 plant_id=1 library_book=fruitbushes plant_name=Strawberry, Red
[2025-08-06 17:15:13] [DEBUG] [watering] Plant water requirements | instance_id=1 plant_id=1 water_optimal_in_week=1.5 root_area_sqft=0.45 emitter_size=0.2 quantity=1
[2025-08-06 17:15:13] [DEBUG] [watering] Volume calculation breakdown | instance_id=1 plant_id=1 weekly_volume_per_plant=0.42052500000000004 volume_per_plant_per_cycle=0.060075 cycles_per_week=7.0 time_per_plant_seconds=1081.35
[2025-08-06 17:15:13] [DEBUG] [watering] Processing plant for duration calculation | instance_id=2 plant_id=1 library_book=fruitbushes plant_name=Strawberry, Red
[2025-08-06 17:15:13] [DEBUG] [watering] Plant water requirements | instance_id=2 plant_id=1 water_optimal_in_week=1.5 root_area_sqft=0.45 emitter_size=0.2 quantity=1
[2025-08-06 17:15:13] [DEBUG] [watering] Volume calculation breakdown | instance_id=2 plant_id=1 weekly_volume_per_plant=0.42052500000000004 volume_per_plant_per_cycle=0.060075 cycles_per_week=7.0 time_per_plant_seconds=1081.35
[2025-08-06 17:15:13] [DEBUG] [watering] Duration calculation summary | zone_id=1 total_seconds=2162.7 total_plants=2 cycles_per_week=7.0 zone_frequency=D1
[2025-08-06 17:15:13] [INFO] [watering] Smart zone duration calculated | zone_id=1 total_plants=2 total_seconds=2162.7 average_seconds=1081.35 calculated_duration=00:18:01 plant_count=2 cycles_per_week=7.0 zone_frequency=D1 mock_mode=False
[2025-08-06 17:15:13] [INFO] [watering] Smart duration refresh completed | zones_updated=1 zones_skipped=7 total_zones_checked=8
[2025-08-06 17:15:13] [INFO] [watering] Initial smart duration refresh completed | zones_updated=1
[2025-08-06 17:16:08] [DEBUG] [watering] Starting smart zone duration calculation | zone_id=1 mock_mode=False
[2025-08-06 17:16:08] [DEBUG] [watering] Zone frequency analysis | zone_id=1 zone_frequency=D1 cycles_per_week=7.0
[2025-08-06 17:16:08] [DEBUG] [watering] Found plants in zone | zone_id=1 plant_count=2
[2025-08-06 17:16:08] [DEBUG] [watering] Processing plant for duration calculation | instance_id=1 plant_id=1 library_book=fruitbushes plant_name=Strawberry, Red
[2025-08-06 17:16:08] [DEBUG] [watering] Plant water requirements | instance_id=1 plant_id=1 water_optimal_in_week=1.5 root_area_sqft=0.45 emitter_size=0.2 quantity=1
[2025-08-06 17:16:08] [DEBUG] [watering] Volume calculation breakdown | instance_id=1 plant_id=1 weekly_volume_per_plant=0.42052500000000004 volume_per_plant_per_cycle=0.060075 cycles_per_week=7.0 time_per_plant_seconds=1081.35
[2025-08-06 17:16:08] [DEBUG] [watering] Processing plant for duration calculation | instance_id=2 plant_id=1 library_book=fruitbushes plant_name=Strawberry, Red
[2025-08-06 17:16:08] [DEBUG] [watering] Plant water requirements | instance_id=2 plant_id=1 water_optimal_in_week=1.5 root_area_sqft=0.45 emitter_size=0.2 quantity=1
[2025-08-06 17:16:08] [DEBUG] [watering] Volume calculation breakdown | instance_id=2 plant_id=1 weekly_volume_per_plant=0.42052500000000004 volume_per_plant_per_cycle=0.060075 cycles_per_week=7.0 time_per_plant_seconds=1081.35
[2025-08-06 17:16:08] [DEBUG] [watering] Duration calculation summary | zone_id=1 total_seconds=2162.7 total_plants=2 cycles_per_week=7.0 zone_frequency=D1
[2025-08-06 17:16:08] [INFO] [watering] Smart zone duration calculated | zone_id=1 total_plants=2 total_seconds=2162.7 average_seconds=1081.35 calculated_duration=00:18:01 plant_count=2 cycles_per_week=7.0 zone_frequency=D1 mock_mode=False
[2025-08-06 17:16:08] [INFO] [watering] Smart duration refresh completed | zones_updated=1 zones_skipped=7 total_zones_checked=8
[2025-08-06 17:16:08] [INFO] [watering] Daily smart duration refresh completed | zones_updated=1
[2025-08-06 17:18:20] [INFO] [watering] Triggering initial smart duration refresh after initialization
[2025-08-06 17:18:20] [DEBUG] [watering] Starting smart zone duration calculation | zone_id=1 mock_mode=False
[2025-08-06 17:18:20] [DEBUG] [watering] Zone frequency analysis | zone_id=1 zone_frequency=D1 cycles_per_week=7.0
[2025-08-06 17:18:20] [DEBUG] [watering] Found plants in zone | zone_id=1 plant_count=2
[2025-08-06 17:18:20] [DEBUG] [watering] Processing plant for duration calculation | instance_id=1 plant_id=1 library_book=fruitbushes plant_name=Strawberry, Red
[2025-08-06 17:18:20] [DEBUG] [watering] Plant water requirements | instance_id=1 plant_id=1 water_optimal_in_week=1.5 root_area_sqft=0.45 emitter_size=0.2 quantity=1
[2025-08-06 17:18:20] [DEBUG] [watering] Volume calculation breakdown | instance_id=1 plant_id=1 weekly_volume_per_plant=0.42052500000000004 volume_per_plant_per_cycle=0.060075 cycles_per_week=7.0 time_per_plant_seconds=1081.35
[2025-08-06 17:18:20] [DEBUG] [watering] Processing plant for duration calculation | instance_id=2 plant_id=1 library_book=fruitbushes plant_name=Strawberry, Red
[2025-08-06 17:18:20] [DEBUG] [watering] Plant water requirements | instance_id=2 plant_id=1 water_optimal_in_week=1.5 root_area_sqft=0.45 emitter_size=0.2 quantity=1
[2025-08-06 17:18:20] [DEBUG] [watering] Volume calculation breakdown | instance_id=2 plant_id=1 weekly_volume_per_plant=0.42052500000000004 volume_per_plant_per_cycle=0.060075 cycles_per_week=7.0 time_per_plant_seconds=1081.35
[2025-08-06 17:18:20] [DEBUG] [watering] Duration calculation summary | zone_id=1 total_seconds=2162.7 total_plants=2 cycles_per_week=7.0 zone_frequency=D1
[2025-08-06 17:18:20] [INFO] [watering] Smart zone duration calculated | zone_id=1 total_plants=2 total_seconds=2162.7 average_seconds=1081.35 calculated_duration=00:18:01 plant_count=2 cycles_per_week=7.0 zone_frequency=D1 mock_mode=False
[2025-08-06 17:18:20] [INFO] [watering] Smart duration refresh completed | zones_updated=1 zones_skipped=7 total_zones_checked=8
[2025-08-06 17:18:20] [INFO] [watering] Initial smart duration refresh completed | zones_updated=1
[2025-08-06 17:19:15] [DEBUG] [watering] Starting smart zone duration calculation | zone_id=1 mock_mode=False
[2025-08-06 17:19:15] [DEBUG] [watering] Zone frequency analysis | zone_id=1 zone_frequency=D1 cycles_per_week=7.0
[2025-08-06 17:19:15] [DEBUG] [watering] Found plants in zone | zone_id=1 plant_count=2
[2025-08-06 17:19:15] [DEBUG] [watering] Processing plant for duration calculation | instance_id=1 plant_id=1 library_book=fruitbushes plant_name=Strawberry, Red
[2025-08-06 17:19:15] [DEBUG] [watering] Plant water requirements | instance_id=1 plant_id=1 water_optimal_in_week=1.5 root_area_sqft=0.45 emitter_size=0.2 quantity=1
[2025-08-06 17:19:15] [DEBUG] [watering] Volume calculation breakdown | instance_id=1 plant_id=1 weekly_volume_per_plant=0.42052500000000004 volume_per_plant_per_cycle=0.060075 cycles_per_week=7.0 time_per_plant_seconds=1081.35
[2025-08-06 17:19:15] [DEBUG] [watering] Processing plant for duration calculation | instance_id=2 plant_id=1 library_book=fruitbushes plant_name=Strawberry, Red
[2025-08-06 17:19:15] [DEBUG] [watering] Plant water requirements | instance_id=2 plant_id=1 water_optimal_in_week=1.5 root_area_sqft=0.45 emitter_size=0.2 quantity=1
[2025-08-06 17:19:15] [DEBUG] [watering] Volume calculation breakdown | instance_id=2 plant_id=1 weekly_volume_per_plant=0.42052500000000004 volume_per_plant_per_cycle=0.060075 cycles_per_week=7.0 time_per_plant_seconds=1081.35
[2025-08-06 17:19:15] [DEBUG] [watering] Duration calculation summary | zone_id=1 total_seconds=2162.7 total_plants=2 cycles_per_week=7.0 zone_frequency=D1
[2025-08-06 17:19:15] [INFO] [watering] Smart zone duration calculated | zone_id=1 total_plants=2 total_seconds=2162.7 average_seconds=1081.35 calculated_duration=00:18:01 plant_count=2 cycles_per_week=7.0 zone_frequency=D1 mock_mode=False
[2025-08-06 17:19:15] [INFO] [watering] Smart duration refresh completed | zones_updated=1 zones_skipped=7 total_zones_checked=8
[2025-08-06 17:19:15] [INFO] [watering] Daily smart duration refresh completed | zones_updated=1
[2025-08-06 17:22:48] [INFO] [watering] Triggering initial smart duration refresh after initialization
[2025-08-06 17:22:48] [DEBUG] [watering] Starting smart zone duration calculation | zone_id=1 mock_mode=False
[2025-08-06 17:22:48] [DEBUG] [watering] Zone frequency analysis | zone_id=1 zone_frequency=D1 cycles_per_week=7.0
[2025-08-06 17:22:48] [DEBUG] [watering] Found plants in zone | zone_id=1 plant_count=2
[2025-08-06 17:22:48] [DEBUG] [watering] Processing plant for duration calculation | instance_id=1 plant_id=1 library_book=fruitbushes plant_name=Strawberry, Red
[2025-08-06 17:22:48] [DEBUG] [watering] Plant water requirements | instance_id=1 plant_id=1 water_optimal_in_week=1.5 root_area_sqft=0.45 emitter_size=0.2 quantity=1
[2025-08-06 17:22:48] [DEBUG] [watering] Volume calculation breakdown | instance_id=1 plant_id=1 weekly_volume_per_plant=0.42052500000000004 volume_per_plant_per_cycle=0.060075 cycles_per_week=7.0 time_per_plant_seconds=1081.35
[2025-08-06 17:22:48] [DEBUG] [watering] Processing plant for duration calculation | instance_id=2 plant_id=1 library_book=fruitbushes plant_name=Strawberry, Red
[2025-08-06 17:22:48] [DEBUG] [watering] Plant water requirements | instance_id=2 plant_id=1 water_optimal_in_week=1.5 root_area_sqft=0.45 emitter_size=0.2 quantity=1
[2025-08-06 17:22:48] [DEBUG] [watering] Volume calculation breakdown | instance_id=2 plant_id=1 weekly_volume_per_plant=0.42052500000000004 volume_per_plant_per_cycle=0.060075 cycles_per_week=7.0 time_per_plant_seconds=1081.35
[2025-08-06 17:22:48] [DEBUG] [watering] Duration calculation summary | zone_id=1 total_seconds=2162.7 total_plants=2 cycles_per_week=7.0 zone_frequency=D1
[2025-08-06 17:22:48] [INFO] [watering] Smart zone duration calculated | zone_id=1 total_plants=2 total_seconds=2162.7 average_seconds=1081.35 calculated_duration=00:18:01 plant_count=2 cycles_per_week=7.0 zone_frequency=D1 mock_mode=False
[2025-08-06 17:22:48] [INFO] [watering] Smart duration refresh completed | zones_updated=1 zones_skipped=7 total_zones_checked=8
[2025-08-06 17:22:48] [INFO] [watering] Initial smart duration refresh completed | zones_updated=1
[2025-08-06 17:23:43] [DEBUG] [watering] Starting smart zone duration calculation | zone_id=1 mock_mode=False
[2025-08-06 17:23:43] [DEBUG] [watering] Zone frequency analysis | zone_id=1 zone_frequency=D1 cycles_per_week=7.0
[2025-08-06 17:23:43] [DEBUG] [watering] Found plants in zone | zone_id=1 plant_count=2
[2025-08-06 17:23:43] [DEBUG] [watering] Processing plant for duration calculation | instance_id=1 plant_id=1 library_book=fruitbushes plant_name=Strawberry, Red
[2025-08-06 17:23:43] [DEBUG] [watering] Plant water requirements | instance_id=1 plant_id=1 water_optimal_in_week=1.5 root_area_sqft=0.45 emitter_size=0.2 quantity=1
[2025-08-06 17:23:43] [DEBUG] [watering] Volume calculation breakdown | instance_id=1 plant_id=1 weekly_volume_per_plant=0.42052500000000004 volume_per_plant_per_cycle=0.060075 cycles_per_week=7.0 time_per_plant_seconds=1081.35
[2025-08-06 17:23:43] [DEBUG] [watering] Processing plant for duration calculation | instance_id=2 plant_id=1 library_book=fruitbushes plant_name=Strawberry, Red
[2025-08-06 17:23:43] [DEBUG] [watering] Plant water requirements | instance_id=2 plant_id=1 water_optimal_in_week=1.5 root_area_sqft=0.45 emitter_size=0.2 quantity=1
[2025-08-06 17:23:43] [DEBUG] [watering] Volume calculation breakdown | instance_id=2 plant_id=1 weekly_volume_per_plant=0.42052500000000004 volume_per_plant_per_cycle=0.060075 cycles_per_week=7.0 time_per_plant_seconds=1081.35
[2025-08-06 17:23:43] [DEBUG] [watering] Duration calculation summary | zone_id=1 total_seconds=2162.7 total_plants=2 cycles_per_week=7.0 zone_frequency=D1
[2025-08-06 17:23:43] [INFO] [watering] Smart zone duration calculated | zone_id=1 total_plants=2 total_seconds=2162.7 average_seconds=1081.35 calculated_duration=00:18:01 plant_count=2 cycles_per_week=7.0 zone_frequency=D1 mock_mode=False
[2025-08-06 17:23:43] [INFO] [watering] Smart duration refresh completed | zones_updated=1 zones_skipped=7 total_zones_checked=8
[2025-08-06 17:23:43] [INFO] [watering] Daily smart duration refresh completed | zones_updated=1
[2025-08-06 17:24:46] [INFO] [watering] Triggering initial smart duration refresh after initialization
[2025-08-06 17:24:46] [DEBUG] [watering] Starting smart zone duration calculation | zone_id=1 mock_mode=False
[2025-08-06 17:24:46] [DEBUG] [watering] Zone frequency analysis | zone_id=1 zone_frequency=D1 cycles_per_week=7.0
[2025-08-06 17:24:46] [DEBUG] [watering] Found plants in zone | zone_id=1 plant_count=2
[2025-08-06 17:24:46] [DEBUG] [watering] Processing plant for duration calculation | instance_id=1 plant_id=1 library_book=fruitbushes plant_name=Strawberry, Red
[2025-08-06 17:24:46] [DEBUG] [watering] Plant water requirements | instance_id=1 plant_id=1 water_optimal_in_week=1.5 root_area_sqft=0.45 emitter_size=0.2 quantity=1
[2025-08-06 17:24:46] [DEBUG] [watering] Volume calculation breakdown | instance_id=1 plant_id=1 weekly_volume_per_plant=0.42052500000000004 volume_per_plant_per_cycle=0.060075 cycles_per_week=7.0 time_per_plant_seconds=1081.35
[2025-08-06 17:24:46] [DEBUG] [watering] Processing plant for duration calculation | instance_id=2 plant_id=1 library_book=fruitbushes plant_name=Strawberry, Red
[2025-08-06 17:24:46] [DEBUG] [watering] Plant water requirements | instance_id=2 plant_id=1 water_optimal_in_week=1.5 root_area_sqft=0.45 emitter_size=0.2 quantity=1
[2025-08-06 17:24:46] [DEBUG] [watering] Volume calculation breakdown | instance_id=2 plant_id=1 weekly_volume_per_plant=0.42052500000000004 volume_per_plant_per_cycle=0.060075 cycles_per_week=7.0 time_per_plant_seconds=1081.35
[2025-08-06 17:24:46] [DEBUG] [watering] Duration calculation summary | zone_id=1 total_seconds=2162.7 total_plants=2 cycles_per_week=7.0 zone_frequency=D1
[2025-08-06 17:24:46] [INFO] [watering] Smart zone duration calculated | zone_id=1 total_plants=2 total_seconds=2162.7 average_seconds=1081.35 calculated_duration=00:18:01 plant_count=2 cycles_per_week=7.0 zone_frequency=D1 mock_mode=False
[2025-08-06 17:24:46] [INFO] [watering] Smart duration refresh completed | zones_updated=1 zones_skipped=7 total_zones_checked=8
[2025-08-06 17:24:46] [INFO] [watering] Initial smart duration refresh completed | zones_updated=1
[2025-08-06 17:25:42] [DEBUG] [watering] Starting smart zone duration calculation | zone_id=1 mock_mode=False
[2025-08-06 17:25:42] [DEBUG] [watering] Zone frequency analysis | zone_id=1 zone_frequency=D1 cycles_per_week=7.0
[2025-08-06 17:25:42] [DEBUG] [watering] Found plants in zone | zone_id=1 plant_count=2
[2025-08-06 17:25:42] [DEBUG] [watering] Processing plant for duration calculation | instance_id=1 plant_id=1 library_book=fruitbushes plant_name=Strawberry, Red
[2025-08-06 17:25:42] [DEBUG] [watering] Plant water requirements | instance_id=1 plant_id=1 water_optimal_in_week=1.5 root_area_sqft=0.45 emitter_size=0.2 quantity=1
[2025-08-06 17:25:42] [DEBUG] [watering] Volume calculation breakdown | instance_id=1 plant_id=1 weekly_volume_per_plant=0.42052500000000004 volume_per_plant_per_cycle=0.060075 cycles_per_week=7.0 time_per_plant_seconds=1081.35
[2025-08-06 17:25:42] [DEBUG] [watering] Processing plant for duration calculation | instance_id=2 plant_id=1 library_book=fruitbushes plant_name=Strawberry, Red
[2025-08-06 17:25:42] [DEBUG] [watering] Plant water requirements | instance_id=2 plant_id=1 water_optimal_in_week=1.5 root_area_sqft=0.45 emitter_size=0.2 quantity=1
[2025-08-06 17:25:42] [DEBUG] [watering] Volume calculation breakdown | instance_id=2 plant_id=1 weekly_volume_per_plant=0.42052500000000004 volume_per_plant_per_cycle=0.060075 cycles_per_week=7.0 time_per_plant_seconds=1081.35
[2025-08-06 17:25:42] [DEBUG] [watering] Duration calculation summary | zone_id=1 total_seconds=2162.7 total_plants=2 cycles_per_week=7.0 zone_frequency=D1
[2025-08-06 17:25:42] [INFO] [watering] Smart zone duration calculated | zone_id=1 total_plants=2 total_seconds=2162.7 average_seconds=1081.35 calculated_duration=00:18:01 plant_count=2 cycles_per_week=7.0 zone_frequency=D1 mock_mode=False
[2025-08-06 17:25:42] [INFO] [watering] Smart duration refresh completed | zones_updated=1 zones_skipped=7 total_zones_checked=8
[2025-08-06 17:25:42] [INFO] [watering] Daily smart duration refresh completed | zones_updated=1
[2025-08-06 19:14:36] [INFO] [watering] Triggering initial smart duration refresh after initialization
[2025-08-06 19:14:36] [INFO] [watering] Smart duration refresh completed | zones_updated=0 zones_skipped=7 total_zones_checked=8
[2025-08-06 19:14:36] [INFO] [watering] Initial smart duration refresh completed | zones_updated=0
[2025-08-06 19:16:38] [INFO] [watering] Triggering initial smart duration refresh after initialization
[2025-08-06 19:16:38] [DEBUG] [watering] Starting smart zone duration calculation | zone_id=1 mock_mode=False
[2025-08-06 19:16:38] [DEBUG] [watering] Zone frequency analysis | zone_id=1 zone_frequency=D1 cycles_per_week=7.0
[2025-08-06 19:16:38] [DEBUG] [watering] Found plants in zone | zone_id=1 plant_count=2
[2025-08-06 19:16:38] [DEBUG] [watering] Processing plant for duration calculation | instance_id=1 plant_id=1 library_book=fruitbushes plant_name=Strawberry, Red
[2025-08-06 19:16:38] [DEBUG] [watering] Plant water requirements | instance_id=1 plant_id=1 water_optimal_in_week=1.5 root_area_sqft=0.45 emitter_size=0.2 quantity=1
[2025-08-06 19:16:38] [DEBUG] [watering] Volume calculation breakdown | instance_id=1 plant_id=1 weekly_volume_per_plant=0.42052500000000004 volume_per_plant_per_cycle=0.060075 cycles_per_week=7.0 time_per_plant_seconds=1081.35
[2025-08-06 19:16:38] [DEBUG] [watering] Processing plant for duration calculation | instance_id=2 plant_id=1 library_book=fruitbushes plant_name=Strawberry, Red
[2025-08-06 19:16:38] [DEBUG] [watering] Plant water requirements | instance_id=2 plant_id=1 water_optimal_in_week=1.5 root_area_sqft=0.45 emitter_size=0.2 quantity=1
[2025-08-06 19:16:38] [DEBUG] [watering] Volume calculation breakdown | instance_id=2 plant_id=1 weekly_volume_per_plant=0.42052500000000004 volume_per_plant_per_cycle=0.060075 cycles_per_week=7.0 time_per_plant_seconds=1081.35
[2025-08-06 19:16:38] [DEBUG] [watering] Duration calculation summary | zone_id=1 total_seconds=2162.7 total_plants=2 cycles_per_week=7.0 zone_frequency=D1
[2025-08-06 19:16:38] [INFO] [watering] Smart zone duration calculated | zone_id=1 total_plants=2 total_seconds=2162.7 average_seconds=1081.35 calculated_duration=00:18:01 plant_count=2 cycles_per_week=7.0 zone_frequency=D1 mock_mode=False
[2025-08-06 19:16:38] [INFO] [watering] Smart duration refresh completed | zones_updated=1 zones_skipped=7 total_zones_checked=8
[2025-08-06 19:16:38] [INFO] [watering] Initial smart duration refresh completed | zones_updated=1
[2025-08-06 19:17:34] [DEBUG] [watering] Starting smart zone duration calculation | zone_id=1 mock_mode=False
[2025-08-06 19:17:34] [DEBUG] [watering] Zone frequency analysis | zone_id=1 zone_frequency=D1 cycles_per_week=7.0
[2025-08-06 19:17:34] [DEBUG] [watering] Found plants in zone | zone_id=1 plant_count=2
[2025-08-06 19:17:34] [DEBUG] [watering] Processing plant for duration calculation | instance_id=1 plant_id=1 library_book=fruitbushes plant_name=Strawberry, Red
[2025-08-06 19:17:34] [DEBUG] [watering] Plant water requirements | instance_id=1 plant_id=1 water_optimal_in_week=1.5 root_area_sqft=0.45 emitter_size=0.2 quantity=1
[2025-08-06 19:17:34] [DEBUG] [watering] Volume calculation breakdown | instance_id=1 plant_id=1 weekly_volume_per_plant=0.42052500000000004 volume_per_plant_per_cycle=0.060075 cycles_per_week=7.0 time_per_plant_seconds=1081.35
[2025-08-06 19:17:34] [DEBUG] [watering] Processing plant for duration calculation | instance_id=2 plant_id=1 library_book=fruitbushes plant_name=Strawberry, Red
[2025-08-06 19:17:34] [DEBUG] [watering] Plant water requirements | instance_id=2 plant_id=1 water_optimal_in_week=1.5 root_area_sqft=0.45 emitter_size=0.2 quantity=1
[2025-08-06 19:17:34] [DEBUG] [watering] Volume calculation breakdown | instance_id=2 plant_id=1 weekly_volume_per_plant=0.42052500000000004 volume_per_plant_per_cycle=0.060075 cycles_per_week=7.0 time_per_plant_seconds=1081.35
[2025-08-06 19:17:34] [DEBUG] [watering] Duration calculation summary | zone_id=1 total_seconds=2162.7 total_plants=2 cycles_per_week=7.0 zone_frequency=D1
[2025-08-06 19:17:34] [INFO] [watering] Smart zone duration calculated | zone_id=1 total_plants=2 total_seconds=2162.7 average_seconds=1081.35 calculated_duration=00:18:01 plant_count=2 cycles_per_week=7.0 zone_frequency=D1 mock_mode=False
[2025-08-06 19:17:34] [INFO] [watering] Smart duration refresh completed | zones_updated=1 zones_skipped=7 total_zones_checked=8
[2025-08-06 19:17:34] [INFO] [watering] Daily smart duration refresh completed | zones_updated=1
[2025-08-09 20:26:23] [INFO] [watering] Triggering initial smart duration refresh after initialization
[2025-08-09 20:26:23] [DEBUG] [watering] Starting smart zone duration calculation | zone_id=1 mock_mode=False
[2025-08-09 20:26:23] [DEBUG] [watering] Zone frequency analysis | zone_id=1 zone_frequency=D1 cycles_per_week=7.0
[2025-08-09 20:26:23] [DEBUG] [watering] Found plants in zone | zone_id=1 plant_count=2
[2025-08-09 20:26:23] [DEBUG] [watering] Processing plant for duration calculation | instance_id=1 plant_id=1 library_book=fruitbushes plant_name=Strawberry, Red
[2025-08-09 20:26:23] [DEBUG] [watering] Plant water requirements | instance_id=1 plant_id=1 water_optimal_in_week=1.5 root_area_sqft=0.45 emitter_size=0.2 quantity=1
[2025-08-09 20:26:23] [DEBUG] [watering] Volume calculation breakdown | instance_id=1 plant_id=1 weekly_volume_per_plant=0.42052500000000004 volume_per_plant_per_cycle=0.060075 cycles_per_week=7.0 time_per_plant_seconds=1081.35
[2025-08-09 20:26:23] [DEBUG] [watering] Processing plant for duration calculation | instance_id=2 plant_id=1 library_book=fruitbushes plant_name=Strawberry, Red
[2025-08-09 20:26:23] [DEBUG] [watering] Plant water requirements | instance_id=2 plant_id=1 water_optimal_in_week=1.5 root_area_sqft=0.45 emitter_size=0.2 quantity=1
[2025-08-09 20:26:23] [DEBUG] [watering] Volume calculation breakdown | instance_id=2 plant_id=1 weekly_volume_per_plant=0.42052500000000004 volume_per_plant_per_cycle=0.060075 cycles_per_week=7.0 time_per_plant_seconds=1081.35
[2025-08-09 20:26:23] [DEBUG] [watering] Duration calculation summary | zone_id=1 total_seconds=2162.7 total_plants=2 cycles_per_week=7.0 zone_frequency=D1
[2025-08-09 20:26:23] [INFO] [watering] Smart zone duration calculated | zone_id=1 total_plants=2 total_seconds=2162.7 average_seconds=1081.35 calculated_duration=00:18:01 plant_count=2 cycles_per_week=7.0 zone_frequency=D1 mock_mode=False
[2025-08-09 20:26:23] [INFO] [watering] Smart duration refresh completed | zones_updated=1 zones_skipped=7 total_zones_checked=8
[2025-08-09 20:26:23] [INFO] [watering] Initial smart duration refresh completed | zones_updated=1
[2025-08-09 20:26:52] [INFO] [watering] Manual zone activation | zone_id=1 duration=1200
[2025-08-09 20:27:19] [DEBUG] [watering] Starting smart zone duration calculation | zone_id=1 mock_mode=False
[2025-08-09 20:27:19] [DEBUG] [watering] Zone frequency analysis | zone_id=1 zone_frequency=D1 cycles_per_week=7.0
[2025-08-09 20:27:19] [DEBUG] [watering] Found plants in zone | zone_id=1 plant_count=2
[2025-08-09 20:27:19] [DEBUG] [watering] Processing plant for duration calculation | instance_id=1 plant_id=1 library_book=fruitbushes plant_name=Strawberry, Red
[2025-08-09 20:27:19] [DEBUG] [watering] Plant water requirements | instance_id=1 plant_id=1 water_optimal_in_week=1.5 root_area_sqft=0.45 emitter_size=0.2 quantity=1
[2025-08-09 20:27:19] [DEBUG] [watering] Volume calculation breakdown | instance_id=1 plant_id=1 weekly_volume_per_plant=0.42052500000000004 volume_per_plant_per_cycle=0.060075 cycles_per_week=7.0 time_per_plant_seconds=1081.35
[2025-08-09 20:27:19] [DEBUG] [watering] Processing plant for duration calculation | instance_id=2 plant_id=1 library_book=fruitbushes plant_name=Strawberry, Red
[2025-08-09 20:27:19] [DEBUG] [watering] Plant water requirements | instance_id=2 plant_id=1 water_optimal_in_week=1.5 root_area_sqft=0.45 emitter_size=0.2 quantity=1
[2025-08-09 20:27:19] [DEBUG] [watering] Volume calculation breakdown | instance_id=2 plant_id=1 weekly_volume_per_plant=0.42052500000000004 volume_per_plant_per_cycle=0.060075 cycles_per_week=7.0 time_per_plant_seconds=1081.35
[2025-08-09 20:27:19] [DEBUG] [watering] Duration calculation summary | zone_id=1 total_seconds=2162.7 total_plants=2 cycles_per_week=7.0 zone_frequency=D1
[2025-08-09 20:27:19] [INFO] [watering] Smart zone duration calculated | zone_id=1 total_plants=2 total_seconds=2162.7 average_seconds=1081.35 calculated_duration=00:18:01 plant_count=2 cycles_per_week=7.0 zone_frequency=D1 mock_mode=False
[2025-08-09 20:27:19] [INFO] [watering] Smart duration refresh completed | zones_updated=1 zones_skipped=7 total_zones_checked=8
[2025-08-09 20:27:19] [INFO] [watering] Daily smart duration refresh completed | zones_updated=1
[2025-08-09 20:29:38] [DEBUG] [watering] Starting smart zone duration calculation | zone_id=2 mock_mode=False
[2025-08-09 20:29:38] [DEBUG] [watering] Zone frequency analysis | zone_id=2 zone_frequency=W1 cycles_per_week=1.0
[2025-08-09 20:29:38] [DEBUG] [watering] Found plants in zone | zone_id=2 plant_count=1
[2025-08-09 20:29:38] [DEBUG] [watering] Processing plant for duration calculation | instance_id=3 plant_id=5 library_book=fruitbushes plant_name=Haskap
[2025-08-09 20:29:38] [DEBUG] [watering] Plant water requirements | instance_id=3 plant_id=5 water_optimal_in_week=1.0 root_area_sqft=4.05 emitter_size=8 quantity=10
[2025-08-09 20:29:38] [DEBUG] [watering] Volume calculation breakdown | instance_id=3 plant_id=5 weekly_volume_per_plant=2.52315 volume_per_plant_per_cycle=2.52315 cycles_per_week=1.0 time_per_plant_seconds=1135.4174999999998
[2025-08-09 20:29:38] [DEBUG] [watering] Duration calculation summary | zone_id=2 total_seconds=11354.174999999997 total_plants=10 cycles_per_week=1.0 zone_frequency=W1
[2025-08-09 20:29:38] [INFO] [watering] Smart zone duration calculated | zone_id=2 total_plants=10 total_seconds=11354.174999999997 average_seconds=1135.4174999999998 calculated_duration=00:18:55 plant_count=1 cycles_per_week=1.0 zone_frequency=W1 mock_mode=False
[2025-08-09 20:29:38] [DEBUG] [watering] Starting smart zone start time calculation | zone_id=2 mock_mode=False
[2025-08-09 20:29:38] [DEBUG] [watering] Zone cycle count | zone_id=2 cycles=1
[2025-08-09 20:29:38] [INFO] [watering] Smart zone start times calculated | zone_id=2 calculated_times=[{'start_time': '06:59'}] total_plants=1 mock_mode=False
[2025-08-09 20:30:36] [DEBUG] [watering] Starting smart zone duration calculation | zone_id=2 mock_mode=False
[2025-08-09 20:30:36] [DEBUG] [watering] Zone frequency analysis | zone_id=2 zone_frequency=W1 cycles_per_week=1.0
[2025-08-09 20:30:36] [DEBUG] [watering] Found plants in zone | zone_id=2 plant_count=2
[2025-08-09 20:30:36] [DEBUG] [watering] Processing plant for duration calculation | instance_id=3 plant_id=5 library_book=fruitbushes plant_name=Haskap
[2025-08-09 20:30:36] [DEBUG] [watering] Plant water requirements | instance_id=3 plant_id=5 water_optimal_in_week=1.0 root_area_sqft=4.05 emitter_size=8 quantity=10
[2025-08-09 20:30:36] [DEBUG] [watering] Volume calculation breakdown | instance_id=3 plant_id=5 weekly_volume_per_plant=2.52315 volume_per_plant_per_cycle=2.52315 cycles_per_week=1.0 time_per_plant_seconds=1135.4174999999998
[2025-08-09 20:30:36] [DEBUG] [watering] Processing plant for duration calculation | instance_id=4 plant_id=7 library_book=fruitbushes plant_name=Currant, Black
[2025-08-09 20:30:36] [DEBUG] [watering] Plant water requirements | instance_id=4 plant_id=7 water_optimal_in_week=1.0 root_area_sqft=7.2 emitter_size=15 quantity=5
[2025-08-09 20:30:36] [DEBUG] [watering] Volume calculation breakdown | instance_id=4 plant_id=7 weekly_volume_per_plant=4.4856 volume_per_plant_per_cycle=4.4856 cycles_per_week=1.0 time_per_plant_seconds=1076.5439999999999
[2025-08-09 20:30:36] [DEBUG] [watering] Duration calculation summary | zone_id=2 total_seconds=16736.894999999997 total_plants=15 cycles_per_week=1.0 zone_frequency=W1
[2025-08-09 20:30:36] [INFO] [watering] Smart zone duration calculated | zone_id=2 total_plants=15 total_seconds=16736.894999999997 average_seconds=1115.793 calculated_duration=00:18:35 plant_count=2 cycles_per_week=1.0 zone_frequency=W1 mock_mode=False
[2025-08-09 20:30:36] [DEBUG] [watering] Starting smart zone start time calculation | zone_id=2 mock_mode=False
[2025-08-09 20:30:36] [DEBUG] [watering] Zone cycle count | zone_id=2 cycles=1
[2025-08-09 20:30:36] [INFO] [watering] Smart zone start times calculated | zone_id=2 calculated_times=[{'start_time': '06:59'}] total_plants=2 mock_mode=False
[2025-08-09 20:38:01] [INFO] [watering] Triggering initial smart duration refresh after initialization
[2025-08-09 20:38:01] [DEBUG] [watering] Starting smart zone duration calculation | zone_id=1 mock_mode=False
[2025-08-09 20:38:01] [DEBUG] [watering] Zone frequency analysis | zone_id=1 zone_frequency=D1 cycles_per_week=7.0
[2025-08-09 20:38:01] [DEBUG] [watering] Found plants in zone | zone_id=1 plant_count=2
[2025-08-09 20:38:01] [DEBUG] [watering] Processing plant for duration calculation | instance_id=1 plant_id=1 library_book=fruitbushes plant_name=Strawberry, Red
[2025-08-09 20:38:01] [DEBUG] [watering] Plant water requirements | instance_id=1 plant_id=1 water_optimal_in_week=1.5 root_area_sqft=0.45 emitter_size=0.2 quantity=1
[2025-08-09 20:38:01] [DEBUG] [watering] Volume calculation breakdown | instance_id=1 plant_id=1 weekly_volume_per_plant=0.42052500000000004 volume_per_plant_per_cycle=0.060075 cycles_per_week=7.0 time_per_plant_seconds=1081.35
[2025-08-09 20:38:01] [DEBUG] [watering] Processing plant for duration calculation | instance_id=2 plant_id=1 library_book=fruitbushes plant_name=Strawberry, Red
[2025-08-09 20:38:01] [DEBUG] [watering] Plant water requirements | instance_id=2 plant_id=1 water_optimal_in_week=1.5 root_area_sqft=0.45 emitter_size=0.2 quantity=1
[2025-08-09 20:38:01] [DEBUG] [watering] Volume calculation breakdown | instance_id=2 plant_id=1 weekly_volume_per_plant=0.42052500000000004 volume_per_plant_per_cycle=0.060075 cycles_per_week=7.0 time_per_plant_seconds=1081.35
[2025-08-09 20:38:01] [DEBUG] [watering] Duration calculation summary | zone_id=1 total_seconds=2162.7 total_plants=2 cycles_per_week=7.0 zone_frequency=D1
[2025-08-09 20:38:01] [INFO] [watering] Smart zone duration calculated | zone_id=1 total_plants=2 total_seconds=2162.7 average_seconds=1081.35 calculated_duration=00:18:01 plant_count=2 cycles_per_week=7.0 zone_frequency=D1 mock_mode=False
[2025-08-09 20:38:01] [DEBUG] [watering] Starting smart zone duration calculation | zone_id=2 mock_mode=False
[2025-08-09 20:38:01] [DEBUG] [watering] Zone frequency analysis | zone_id=2 zone_frequency=W1 cycles_per_week=1.0
[2025-08-09 20:38:01] [DEBUG] [watering] Found plants in zone | zone_id=2 plant_count=2
[2025-08-09 20:38:01] [DEBUG] [watering] Processing plant for duration calculation | instance_id=3 plant_id=5 library_book=fruitbushes plant_name=Haskap
[2025-08-09 20:38:01] [DEBUG] [watering] Plant water requirements | instance_id=3 plant_id=5 water_optimal_in_week=1.0 root_area_sqft=4.05 emitter_size=8 quantity=10
[2025-08-09 20:38:01] [DEBUG] [watering] Volume calculation breakdown | instance_id=3 plant_id=5 weekly_volume_per_plant=2.52315 volume_per_plant_per_cycle=2.52315 cycles_per_week=1.0 time_per_plant_seconds=1135.4174999999998
[2025-08-09 20:38:01] [DEBUG] [watering] Processing plant for duration calculation | instance_id=4 plant_id=7 library_book=fruitbushes plant_name=Currant, Black
[2025-08-09 20:38:01] [DEBUG] [watering] Plant water requirements | instance_id=4 plant_id=7 water_optimal_in_week=1.0 root_area_sqft=7.2 emitter_size=15 quantity=5
[2025-08-09 20:38:01] [DEBUG] [watering] Volume calculation breakdown | instance_id=4 plant_id=7 weekly_volume_per_plant=4.4856 volume_per_plant_per_cycle=4.4856 cycles_per_week=1.0 time_per_plant_seconds=1076.5439999999999
[2025-08-09 20:38:01] [DEBUG] [watering] Duration calculation summary | zone_id=2 total_seconds=16736.894999999997 total_plants=15 cycles_per_week=1.0 zone_frequency=W1
[2025-08-09 20:38:01] [INFO] [watering] Smart zone duration calculated | zone_id=2 total_plants=15 total_seconds=16736.894999999997 average_seconds=1115.793 calculated_duration=00:18:35 plant_count=2 cycles_per_week=1.0 zone_frequency=W1 mock_mode=False
[2025-08-09 20:38:01] [INFO] [watering] Smart duration refresh completed | zones_updated=2 zones_skipped=6 total_zones_checked=8
[2025-08-09 20:38:01] [INFO] [watering] Initial smart duration refresh completed | zones_updated=2
[2025-08-09 20:38:15] [DEBUG] [watering] Starting smart zone duration calculation | zone_id=1 mock_mode=False
[2025-08-09 20:38:15] [DEBUG] [watering] Zone frequency analysis | zone_id=1 zone_frequency=D1 cycles_per_week=7.0
[2025-08-09 20:38:15] [DEBUG] [watering] Found plants in zone | zone_id=1 plant_count=1
[2025-08-09 20:38:15] [DEBUG] [watering] Processing plant for duration calculation | instance_id=1 plant_id=1 library_book=fruitbushes plant_name=Strawberry, Red
[2025-08-09 20:38:15] [DEBUG] [watering] Plant water requirements | instance_id=1 plant_id=1 water_optimal_in_week=1.5 root_area_sqft=0.45 emitter_size=0.2 quantity=1
[2025-08-09 20:38:15] [DEBUG] [watering] Volume calculation breakdown | instance_id=1 plant_id=1 weekly_volume_per_plant=0.42052500000000004 volume_per_plant_per_cycle=0.060075 cycles_per_week=7.0 time_per_plant_seconds=1081.35
[2025-08-09 20:38:15] [DEBUG] [watering] Duration calculation summary | zone_id=1 total_seconds=1081.35 total_plants=1 cycles_per_week=7.0 zone_frequency=D1
[2025-08-09 20:38:15] [INFO] [watering] Smart zone duration calculated | zone_id=1 total_plants=1 total_seconds=1081.35 average_seconds=1081.35 calculated_duration=00:18:01 plant_count=1 cycles_per_week=7.0 zone_frequency=D1 mock_mode=False
[2025-08-09 20:38:15] [DEBUG] [watering] Starting smart zone start time calculation | zone_id=1 mock_mode=False
[2025-08-09 20:38:15] [DEBUG] [watering] Zone cycle count | zone_id=1 cycles=1
[2025-08-09 20:38:15] [INFO] [watering] Smart zone start times calculated | zone_id=1 calculated_times=[{'start_time': '06:59'}] total_plants=1 mock_mode=False
[2025-08-09 20:38:18] [DEBUG] [watering] Starting smart zone duration calculation | zone_id=1 mock_mode=False
[2025-08-09 20:38:18] [DEBUG] [watering] Zone frequency analysis | zone_id=1 zone_frequency=D1 cycles_per_week=7.0
[2025-08-09 20:38:18] [DEBUG] [watering] Found plants in zone | zone_id=1 plant_count=0
[2025-08-09 20:38:18] [DEBUG] [watering] Starting smart zone start time calculation | zone_id=1 mock_mode=False
[2025-08-09 20:38:18] [DEBUG] [watering] Zone cycle count | zone_id=1 cycles=1
[2025-08-09 20:38:20] [DEBUG] [watering] Starting smart zone duration calculation | zone_id=2 mock_mode=False
[2025-08-09 20:38:20] [DEBUG] [watering] Zone frequency analysis | zone_id=2 zone_frequency=W1 cycles_per_week=1.0
[2025-08-09 20:38:20] [DEBUG] [watering] Found plants in zone | zone_id=2 plant_count=1
[2025-08-09 20:38:20] [DEBUG] [watering] Processing plant for duration calculation | instance_id=3 plant_id=5 library_book=fruitbushes plant_name=Haskap
[2025-08-09 20:38:20] [DEBUG] [watering] Plant water requirements | instance_id=3 plant_id=5 water_optimal_in_week=1.0 root_area_sqft=4.05 emitter_size=8 quantity=10
[2025-08-09 20:38:20] [DEBUG] [watering] Volume calculation breakdown | instance_id=3 plant_id=5 weekly_volume_per_plant=2.52315 volume_per_plant_per_cycle=2.52315 cycles_per_week=1.0 time_per_plant_seconds=1135.4174999999998
[2025-08-09 20:38:20] [DEBUG] [watering] Duration calculation summary | zone_id=2 total_seconds=11354.174999999997 total_plants=10 cycles_per_week=1.0 zone_frequency=W1
[2025-08-09 20:38:20] [INFO] [watering] Smart zone duration calculated | zone_id=2 total_plants=10 total_seconds=11354.174999999997 average_seconds=1135.4174999999998 calculated_duration=00:18:55 plant_count=1 cycles_per_week=1.0 zone_frequency=W1 mock_mode=False
[2025-08-09 20:38:20] [DEBUG] [watering] Starting smart zone start time calculation | zone_id=2 mock_mode=False
[2025-08-09 20:38:20] [DEBUG] [watering] Zone cycle count | zone_id=2 cycles=1
[2025-08-09 20:38:20] [INFO] [watering] Smart zone start times calculated | zone_id=2 calculated_times=[{'start_time': '06:59'}] total_plants=1 mock_mode=False
[2025-08-09 20:38:23] [DEBUG] [watering] Starting smart zone duration calculation | zone_id=2 mock_mode=False
[2025-08-09 20:38:23] [DEBUG] [watering] Zone frequency analysis | zone_id=2 zone_frequency=W1 cycles_per_week=1.0
[2025-08-09 20:38:23] [DEBUG] [watering] Found plants in zone | zone_id=2 plant_count=0
[2025-08-09 20:38:23] [DEBUG] [watering] Starting smart zone start time calculation | zone_id=2 mock_mode=False
[2025-08-09 20:38:23] [DEBUG] [watering] Zone cycle count | zone_id=2 cycles=1
[2025-08-09 20:38:57] [DEBUG] [watering] Starting smart zone duration calculation | zone_id=1 mock_mode=False
[2025-08-09 20:38:57] [DEBUG] [watering] Zone frequency analysis | zone_id=1 zone_frequency=D1 cycles_per_week=7.0
[2025-08-09 20:38:57] [DEBUG] [watering] Found plants in zone | zone_id=1 plant_count=0
[2025-08-09 20:38:57] [DEBUG] [watering] Starting smart zone duration calculation | zone_id=2 mock_mode=False
[2025-08-09 20:38:57] [DEBUG] [watering] Zone frequency analysis | zone_id=2 zone_frequency=W1 cycles_per_week=1.0
[2025-08-09 20:38:57] [DEBUG] [watering] Found plants in zone | zone_id=2 plant_count=0
[2025-08-09 20:38:57] [INFO] [watering] Smart duration refresh completed | zones_updated=0 zones_skipped=6 total_zones_checked=8
[2025-08-09 20:38:57] [INFO] [watering] Daily smart duration refresh completed | zones_updated=0
[2025-08-09 20:39:34] [DEBUG] [watering] Starting smart zone duration calculation | zone_id=2 mock_mode=False
[2025-08-09 20:39:34] [DEBUG] [watering] Zone frequency analysis | zone_id=2 zone_frequency=W1 cycles_per_week=1.0
[2025-08-09 20:39:34] [DEBUG] [watering] Found plants in zone | zone_id=2 plant_count=1
[2025-08-09 20:39:34] [DEBUG] [watering] Processing plant for duration calculation | instance_id=1 plant_id=5 library_book=fruitbushes plant_name=Haskap
[2025-08-09 20:39:34] [DEBUG] [watering] Plant water requirements | instance_id=1 plant_id=5 water_optimal_in_week=1.0 root_area_sqft=4.05 emitter_size=8 quantity=6
[2025-08-09 20:39:34] [DEBUG] [watering] Volume calculation breakdown | instance_id=1 plant_id=5 weekly_volume_per_plant=2.52315 volume_per_plant_per_cycle=2.52315 cycles_per_week=1.0 time_per_plant_seconds=1135.4174999999998
[2025-08-09 20:39:34] [DEBUG] [watering] Duration calculation summary | zone_id=2 total_seconds=6812.504999999999 total_plants=6 cycles_per_week=1.0 zone_frequency=W1
[2025-08-09 20:39:34] [INFO] [watering] Smart zone duration calculated | zone_id=2 total_plants=6 total_seconds=6812.504999999999 average_seconds=1135.4174999999998 calculated_duration=00:18:55 plant_count=1 cycles_per_week=1.0 zone_frequency=W1 mock_mode=False
[2025-08-09 20:39:34] [DEBUG] [watering] Starting smart zone start time calculation | zone_id=2 mock_mode=False
[2025-08-09 20:39:34] [DEBUG] [watering] Zone cycle count | zone_id=2 cycles=1
[2025-08-09 20:39:34] [INFO] [watering] Smart zone start times calculated | zone_id=2 calculated_times=[{'start_time': '06:59'}] total_plants=1 mock_mode=False
[2025-08-09 20:39:57] [DEBUG] [watering] Starting smart zone duration calculation | zone_id=2 mock_mode=False
[2025-08-09 20:39:57] [DEBUG] [watering] Zone frequency analysis | zone_id=2 zone_frequency=W1 cycles_per_week=1.0
[2025-08-09 20:39:57] [DEBUG] [watering] Found plants in zone | zone_id=2 plant_count=2
[2025-08-09 20:39:57] [DEBUG] [watering] Processing plant for duration calculation | instance_id=1 plant_id=5 library_book=fruitbushes plant_name=Haskap
[2025-08-09 20:39:57] [DEBUG] [watering] Plant water requirements | instance_id=1 plant_id=5 water_optimal_in_week=1.0 root_area_sqft=4.05 emitter_size=8 quantity=6
[2025-08-09 20:39:57] [DEBUG] [watering] Volume calculation breakdown | instance_id=1 plant_id=5 weekly_volume_per_plant=2.52315 volume_per_plant_per_cycle=2.52315 cycles_per_week=1.0 time_per_plant_seconds=1135.4174999999998
[2025-08-09 20:39:57] [DEBUG] [watering] Processing plant for duration calculation | instance_id=2 plant_id=4 library_book=fruitbushes plant_name=Blueberry, Highbush
[2025-08-09 20:39:57] [DEBUG] [watering] Plant water requirements | instance_id=2 plant_id=4 water_optimal_in_week=1.5 root_area_sqft=7.2 emitter_size=20 quantity=2
[2025-08-09 20:39:57] [DEBUG] [watering] Volume calculation breakdown | instance_id=2 plant_id=4 weekly_volume_per_plant=6.728400000000001 volume_per_plant_per_cycle=6.728400000000001 cycles_per_week=1.0 time_per_plant_seconds=1211.112
[2025-08-09 20:39:57] [DEBUG] [watering] Duration calculation summary | zone_id=2 total_seconds=9234.729 total_plants=8 cycles_per_week=1.0 zone_frequency=W1
[2025-08-09 20:39:57] [INFO] [watering] Smart zone duration calculated | zone_id=2 total_plants=8 total_seconds=9234.729 average_seconds=1154.341125 calculated_duration=00:19:14 plant_count=2 cycles_per_week=1.0 zone_frequency=W1 mock_mode=False
[2025-08-09 20:39:57] [DEBUG] [watering] Starting smart zone start time calculation | zone_id=2 mock_mode=False
[2025-08-09 20:39:57] [DEBUG] [watering] Zone cycle count | zone_id=2 cycles=1
[2025-08-09 20:39:57] [INFO] [watering] Smart zone start times calculated | zone_id=2 calculated_times=[{'start_time': '06:59'}] total_plants=2 mock_mode=False
[2025-08-09 20:40:02] [INFO] [watering] Zone deactivated - manual | zone_id=1
[2025-08-09 20:41:55] [DEBUG] [watering] Starting smart zone duration calculation | zone_id=2 mock_mode=False
[2025-08-09 20:41:55] [DEBUG] [watering] Zone frequency analysis | zone_id=2 zone_frequency=W1 cycles_per_week=1.0
[2025-08-09 20:41:55] [DEBUG] [watering] Found plants in zone | zone_id=2 plant_count=3
[2025-08-09 20:41:55] [DEBUG] [watering] Processing plant for duration calculation | instance_id=1 plant_id=5 library_book=fruitbushes plant_name=Haskap
[2025-08-09 20:41:55] [DEBUG] [watering] Plant water requirements | instance_id=1 plant_id=5 water_optimal_in_week=1.0 root_area_sqft=4.05 emitter_size=8 quantity=6
[2025-08-09 20:41:55] [DEBUG] [watering] Volume calculation breakdown | instance_id=1 plant_id=5 weekly_volume_per_plant=2.52315 volume_per_plant_per_cycle=2.52315 cycles_per_week=1.0 time_per_plant_seconds=1135.4174999999998
[2025-08-09 20:41:55] [DEBUG] [watering] Processing plant for duration calculation | instance_id=2 plant_id=4 library_book=fruitbushes plant_name=Blueberry, Highbush
[2025-08-09 20:41:55] [DEBUG] [watering] Plant water requirements | instance_id=2 plant_id=4 water_optimal_in_week=1.5 root_area_sqft=7.2 emitter_size=20 quantity=2
[2025-08-09 20:41:55] [DEBUG] [watering] Volume calculation breakdown | instance_id=2 plant_id=4 weekly_volume_per_plant=6.728400000000001 volume_per_plant_per_cycle=6.728400000000001 cycles_per_week=1.0 time_per_plant_seconds=1211.112
[2025-08-09 20:41:55] [DEBUG] [watering] Processing plant for duration calculation | instance_id=3 plant_id=1 library_book=fruittrees plant_name=Honeycrisp Apple
[2025-08-09 20:41:55] [DEBUG] [watering] Plant water requirements | instance_id=3 plant_id=1 water_optimal_in_week=1.25 root_area_sqft=20 emitter_size=4 quantity=1
[2025-08-09 20:41:55] [DEBUG] [watering] Volume calculation breakdown | instance_id=3 plant_id=1 weekly_volume_per_plant=15.575 volume_per_plant_per_cycle=15.575 cycles_per_week=1.0 time_per_plant_seconds=14017.5
[2025-08-09 20:41:55] [DEBUG] [watering] Duration calculation summary | zone_id=2 total_seconds=23252.229 total_plants=9 cycles_per_week=1.0 zone_frequency=W1
[2025-08-09 20:41:55] [INFO] [watering] Smart zone duration calculated | zone_id=2 total_plants=9 total_seconds=23252.229 average_seconds=2583.581 calculated_duration=00:43:03 plant_count=3 cycles_per_week=1.0 zone_frequency=W1 mock_mode=False
[2025-08-09 20:41:55] [DEBUG] [watering] Starting smart zone start time calculation | zone_id=2 mock_mode=False
[2025-08-09 20:41:55] [DEBUG] [watering] Zone cycle count | zone_id=2 cycles=1
[2025-08-09 20:41:55] [INFO] [watering] Smart zone start times calculated | zone_id=2 calculated_times=[{'start_time': '06:58'}] total_plants=3 mock_mode=False
[2025-08-09 20:42:36] [DEBUG] [watering] Starting smart zone duration calculation | zone_id=2 mock_mode=False
[2025-08-09 20:42:36] [DEBUG] [watering] Zone frequency analysis | zone_id=2 zone_frequency=W1 cycles_per_week=1.0
[2025-08-09 20:42:36] [DEBUG] [watering] Found plants in zone | zone_id=2 plant_count=4
[2025-08-09 20:42:36] [DEBUG] [watering] Processing plant for duration calculation | instance_id=1 plant_id=5 library_book=fruitbushes plant_name=Haskap
[2025-08-09 20:42:36] [DEBUG] [watering] Plant water requirements | instance_id=1 plant_id=5 water_optimal_in_week=1.0 root_area_sqft=4.05 emitter_size=8 quantity=6
[2025-08-09 20:42:36] [DEBUG] [watering] Volume calculation breakdown | instance_id=1 plant_id=5 weekly_volume_per_plant=2.52315 volume_per_plant_per_cycle=2.52315 cycles_per_week=1.0 time_per_plant_seconds=1135.4174999999998
[2025-08-09 20:42:36] [DEBUG] [watering] Processing plant for duration calculation | instance_id=2 plant_id=4 library_book=fruitbushes plant_name=Blueberry, Highbush
[2025-08-09 20:42:36] [DEBUG] [watering] Plant water requirements | instance_id=2 plant_id=4 water_optimal_in_week=1.5 root_area_sqft=7.2 emitter_size=20 quantity=2
[2025-08-09 20:42:36] [DEBUG] [watering] Volume calculation breakdown | instance_id=2 plant_id=4 weekly_volume_per_plant=6.728400000000001 volume_per_plant_per_cycle=6.728400000000001 cycles_per_week=1.0 time_per_plant_seconds=1211.112
[2025-08-09 20:42:36] [DEBUG] [watering] Processing plant for duration calculation | instance_id=3 plant_id=1 library_book=fruittrees plant_name=Honeycrisp Apple
[2025-08-09 20:42:36] [DEBUG] [watering] Plant water requirements | instance_id=3 plant_id=1 water_optimal_in_week=1.25 root_area_sqft=20 emitter_size=4 quantity=1
[2025-08-09 20:42:36] [DEBUG] [watering] Volume calculation breakdown | instance_id=3 plant_id=1 weekly_volume_per_plant=15.575 volume_per_plant_per_cycle=15.575 cycles_per_week=1.0 time_per_plant_seconds=14017.5
[2025-08-09 20:42:36] [DEBUG] [watering] Processing plant for duration calculation | instance_id=4 plant_id=2 library_book=fruittrees plant_name=Gala Apple
[2025-08-09 20:42:36] [DEBUG] [watering] Plant water requirements | instance_id=4 plant_id=2 water_optimal_in_week=1.15 root_area_sqft=18 emitter_size=18 quantity=1
[2025-08-09 20:42:36] [DEBUG] [watering] Volume calculation breakdown | instance_id=4 plant_id=2 weekly_volume_per_plant=12.896099999999999 volume_per_plant_per_cycle=12.896099999999999 cycles_per_week=1.0 time_per_plant_seconds=2579.22
[2025-08-09 20:42:36] [DEBUG] [watering] Duration calculation summary | zone_id=2 total_seconds=25831.449 total_plants=10 cycles_per_week=1.0 zone_frequency=W1
[2025-08-09 20:42:36] [INFO] [watering] Smart zone duration calculated | zone_id=2 total_plants=10 total_seconds=25831.449 average_seconds=2583.1449000000002 calculated_duration=00:43:03 plant_count=4 cycles_per_week=1.0 zone_frequency=W1 mock_mode=False
[2025-08-09 20:42:36] [DEBUG] [watering] Starting smart zone start time calculation | zone_id=2 mock_mode=False
[2025-08-09 20:42:36] [DEBUG] [watering] Zone cycle count | zone_id=2 cycles=1
[2025-08-09 20:42:36] [INFO] [watering] Smart zone start times calculated | zone_id=2 calculated_times=[{'start_time': '06:57'}] total_plants=4 mock_mode=False
[2025-08-09 20:45:25] [DEBUG] [watering] Starting smart zone duration calculation | zone_id=2 mock_mode=False
[2025-08-09 20:45:25] [DEBUG] [watering] Zone frequency analysis | zone_id=2 zone_frequency=W1 cycles_per_week=1.0
[2025-08-09 20:45:25] [DEBUG] [watering] Found plants in zone | zone_id=2 plant_count=3
[2025-08-09 20:45:25] [DEBUG] [watering] Processing plant for duration calculation | instance_id=2 plant_id=4 library_book=fruitbushes plant_name=Blueberry, Highbush
[2025-08-09 20:45:25] [DEBUG] [watering] Plant water requirements | instance_id=2 plant_id=4 water_optimal_in_week=1.5 root_area_sqft=7.2 emitter_size=20 quantity=2
[2025-08-09 20:45:25] [DEBUG] [watering] Volume calculation breakdown | instance_id=2 plant_id=4 weekly_volume_per_plant=6.728400000000001 volume_per_plant_per_cycle=6.728400000000001 cycles_per_week=1.0 time_per_plant_seconds=1211.112
[2025-08-09 20:45:25] [DEBUG] [watering] Processing plant for duration calculation | instance_id=3 plant_id=1 library_book=fruittrees plant_name=Honeycrisp Apple
[2025-08-09 20:45:25] [DEBUG] [watering] Plant water requirements | instance_id=3 plant_id=1 water_optimal_in_week=1.25 root_area_sqft=20 emitter_size=4 quantity=1
[2025-08-09 20:45:25] [DEBUG] [watering] Volume calculation breakdown | instance_id=3 plant_id=1 weekly_volume_per_plant=15.575 volume_per_plant_per_cycle=15.575 cycles_per_week=1.0 time_per_plant_seconds=14017.5
[2025-08-09 20:45:25] [DEBUG] [watering] Processing plant for duration calculation | instance_id=4 plant_id=2 library_book=fruittrees plant_name=Gala Apple
[2025-08-09 20:45:25] [DEBUG] [watering] Plant water requirements | instance_id=4 plant_id=2 water_optimal_in_week=1.15 root_area_sqft=18 emitter_size=18 quantity=1
[2025-08-09 20:45:25] [DEBUG] [watering] Volume calculation breakdown | instance_id=4 plant_id=2 weekly_volume_per_plant=12.896099999999999 volume_per_plant_per_cycle=12.896099999999999 cycles_per_week=1.0 time_per_plant_seconds=2579.22
[2025-08-09 20:45:25] [DEBUG] [watering] Duration calculation summary | zone_id=2 total_seconds=19018.944000000003 total_plants=4 cycles_per_week=1.0 zone_frequency=W1
[2025-08-09 20:45:25] [INFO] [watering] Smart zone duration calculated | zone_id=2 total_plants=4 total_seconds=19018.944000000003 average_seconds=4754.736000000001 calculated_duration=01:19:14 plant_count=3 cycles_per_week=1.0 zone_frequency=W1 mock_mode=False
[2025-08-09 20:45:25] [DEBUG] [watering] Starting smart zone start time calculation | zone_id=2 mock_mode=False
[2025-08-09 20:45:25] [DEBUG] [watering] Zone cycle count | zone_id=2 cycles=1
[2025-08-09 20:45:25] [INFO] [watering] Smart zone start times calculated | zone_id=2 calculated_times=[{'start_time': '06:55'}] total_plants=3 mock_mode=False
[2025-08-09 20:45:29] [DEBUG] [watering] Starting smart zone duration calculation | zone_id=2 mock_mode=False
[2025-08-09 20:45:29] [DEBUG] [watering] Zone frequency analysis | zone_id=2 zone_frequency=W1 cycles_per_week=1.0
[2025-08-09 20:45:29] [DEBUG] [watering] Found plants in zone | zone_id=2 plant_count=2
[2025-08-09 20:45:29] [DEBUG] [watering] Processing plant for duration calculation | instance_id=3 plant_id=1 library_book=fruittrees plant_name=Honeycrisp Apple
[2025-08-09 20:45:29] [DEBUG] [watering] Plant water requirements | instance_id=3 plant_id=1 water_optimal_in_week=1.25 root_area_sqft=20 emitter_size=4 quantity=1
[2025-08-09 20:45:29] [DEBUG] [watering] Volume calculation breakdown | instance_id=3 plant_id=1 weekly_volume_per_plant=15.575 volume_per_plant_per_cycle=15.575 cycles_per_week=1.0 time_per_plant_seconds=14017.5
[2025-08-09 20:45:29] [DEBUG] [watering] Processing plant for duration calculation | instance_id=4 plant_id=2 library_book=fruittrees plant_name=Gala Apple
[2025-08-09 20:45:29] [DEBUG] [watering] Plant water requirements | instance_id=4 plant_id=2 water_optimal_in_week=1.15 root_area_sqft=18 emitter_size=18 quantity=1
[2025-08-09 20:45:29] [DEBUG] [watering] Volume calculation breakdown | instance_id=4 plant_id=2 weekly_volume_per_plant=12.896099999999999 volume_per_plant_per_cycle=12.896099999999999 cycles_per_week=1.0 time_per_plant_seconds=2579.22
[2025-08-09 20:45:29] [DEBUG] [watering] Duration calculation summary | zone_id=2 total_seconds=16596.72 total_plants=2 cycles_per_week=1.0 zone_frequency=W1
[2025-08-09 20:45:29] [INFO] [watering] Smart zone duration calculated | zone_id=2 total_plants=2 total_seconds=16596.72 average_seconds=8298.36 calculated_duration=02:18:18 plant_count=2 cycles_per_week=1.0 zone_frequency=W1 mock_mode=False
[2025-08-09 20:45:29] [DEBUG] [watering] Starting smart zone start time calculation | zone_id=2 mock_mode=False
[2025-08-09 20:45:29] [DEBUG] [watering] Zone cycle count | zone_id=2 cycles=1
[2025-08-09 20:45:29] [INFO] [watering] Smart zone start times calculated | zone_id=2 calculated_times=[{'start_time': '06:52'}] total_plants=2 mock_mode=False
[2025-08-09 20:45:31] [DEBUG] [watering] Starting smart zone duration calculation | zone_id=2 mock_mode=False
[2025-08-09 20:45:31] [DEBUG] [watering] Zone frequency analysis | zone_id=2 zone_frequency=W1 cycles_per_week=1.0
[2025-08-09 20:45:31] [DEBUG] [watering] Found plants in zone | zone_id=2 plant_count=1
[2025-08-09 20:45:31] [DEBUG] [watering] Processing plant for duration calculation | instance_id=4 plant_id=2 library_book=fruittrees plant_name=Gala Apple
[2025-08-09 20:45:31] [DEBUG] [watering] Plant water requirements | instance_id=4 plant_id=2 water_optimal_in_week=1.15 root_area_sqft=18 emitter_size=18 quantity=1
[2025-08-09 20:45:31] [DEBUG] [watering] Volume calculation breakdown | instance_id=4 plant_id=2 weekly_volume_per_plant=12.896099999999999 volume_per_plant_per_cycle=12.896099999999999 cycles_per_week=1.0 time_per_plant_seconds=2579.22
[2025-08-09 20:45:31] [DEBUG] [watering] Duration calculation summary | zone_id=2 total_seconds=2579.22 total_plants=1 cycles_per_week=1.0 zone_frequency=W1
[2025-08-09 20:45:31] [INFO] [watering] Smart zone duration calculated | zone_id=2 total_plants=1 total_seconds=2579.22 average_seconds=2579.22 calculated_duration=00:42:59 plant_count=1 cycles_per_week=1.0 zone_frequency=W1 mock_mode=False
[2025-08-09 20:45:31] [DEBUG] [watering] Starting smart zone start time calculation | zone_id=2 mock_mode=False
[2025-08-09 20:45:31] [DEBUG] [watering] Zone cycle count | zone_id=2 cycles=1
[2025-08-09 20:45:31] [INFO] [watering] Smart zone start times calculated | zone_id=2 calculated_times=[{'start_time': '06:52'}] total_plants=1 mock_mode=False
[2025-08-09 20:45:34] [DEBUG] [watering] Starting smart zone duration calculation | zone_id=2 mock_mode=False
[2025-08-09 20:45:34] [DEBUG] [watering] Zone frequency analysis | zone_id=2 zone_frequency=W1 cycles_per_week=1.0
[2025-08-09 20:45:34] [DEBUG] [watering] Found plants in zone | zone_id=2 plant_count=0
[2025-08-09 20:45:34] [DEBUG] [watering] Starting smart zone start time calculation | zone_id=2 mock_mode=False
[2025-08-09 20:45:34] [DEBUG] [watering] Zone cycle count | zone_id=2 cycles=1
[2025-08-11 14:10:24] [INFO] [watering] Triggering initial smart duration refresh after initialization
[2025-08-11 14:10:24] [DEBUG] [watering] Starting smart zone duration calculation | zone_id=1 mock_mode=False
[2025-08-11 14:10:24] [DEBUG] [watering] Zone frequency analysis | zone_id=1 zone_frequency=D1 cycles_per_week=7.0
[2025-08-11 14:10:24] [DEBUG] [watering] Found plants in zone | zone_id=1 plant_count=0
[2025-08-11 14:10:24] [DEBUG] [watering] Starting smart zone duration calculation | zone_id=2 mock_mode=False
[2025-08-11 14:10:24] [DEBUG] [watering] Zone frequency analysis | zone_id=2 zone_frequency=W1 cycles_per_week=1.0
[2025-08-11 14:10:24] [DEBUG] [watering] Found plants in zone | zone_id=2 plant_count=0
[2025-08-11 14:10:24] [DEBUG] [watering] Starting smart zone duration calculation | zone_id=3 mock_mode=False
[2025-08-11 14:10:24] [DEBUG] [watering] Zone frequency analysis | zone_id=3 zone_frequency=W1 cycles_per_week=1.0
[2025-08-11 14:10:24] [DEBUG] [watering] Found plants in zone | zone_id=3 plant_count=0
[2025-08-11 14:10:24] [DEBUG] [watering] Starting smart zone duration calculation | zone_id=4 mock_mode=False
[2025-08-11 14:10:24] [DEBUG] [watering] Zone frequency analysis | zone_id=4 zone_frequency=W1 cycles_per_week=1.0
[2025-08-11 14:10:24] [DEBUG] [watering] Found plants in zone | zone_id=4 plant_count=0
[2025-08-11 14:10:24] [INFO] [watering] Smart duration refresh completed | zones_updated=0 zones_skipped=4 total_zones_checked=8
[2025-08-11 14:10:24] [INFO] [watering] Initial smart duration refresh completed | zones_updated=0
[2025-08-11 14:11:19] [DEBUG] [watering] Starting smart zone duration calculation | zone_id=1 mock_mode=False
[2025-08-11 14:11:19] [DEBUG] [watering] Zone frequency analysis | zone_id=1 zone_frequency=D1 cycles_per_week=7.0
[2025-08-11 14:11:19] [DEBUG] [watering] Found plants in zone | zone_id=1 plant_count=0
[2025-08-11 14:11:19] [DEBUG] [watering] Starting smart zone duration calculation | zone_id=2 mock_mode=False
[2025-08-11 14:11:19] [DEBUG] [watering] Zone frequency analysis | zone_id=2 zone_frequency=W1 cycles_per_week=1.0
[2025-08-11 14:11:19] [DEBUG] [watering] Found plants in zone | zone_id=2 plant_count=0
[2025-08-11 14:11:19] [DEBUG] [watering] Starting smart zone duration calculation | zone_id=3 mock_mode=False
[2025-08-11 14:11:19] [DEBUG] [watering] Zone frequency analysis | zone_id=3 zone_frequency=W1 cycles_per_week=1.0
[2025-08-11 14:11:19] [DEBUG] [watering] Found plants in zone | zone_id=3 plant_count=0
[2025-08-11 14:11:19] [DEBUG] [watering] Starting smart zone duration calculation | zone_id=4 mock_mode=False
[2025-08-11 14:11:19] [DEBUG] [watering] Zone frequency analysis | zone_id=4 zone_frequency=W1 cycles_per_week=1.0
[2025-08-11 14:11:19] [DEBUG] [watering] Found plants in zone | zone_id=4 plant_count=0
[2025-08-11 14:11:19] [INFO] [watering] Smart duration refresh completed | zones_updated=0 zones_skipped=4 total_zones_checked=8
[2025-08-11 14:11:19] [INFO] [watering] Daily smart duration refresh completed | zones_updated=0
[2025-08-11 14:37:55] [INFO] [watering] Triggering initial smart duration refresh after initialization
[2025-08-11 14:37:55] [DEBUG] [watering] Starting smart zone duration calculation | zone_id=1 mock_mode=False
[2025-08-11 14:37:55] [DEBUG] [watering] Zone frequency analysis | zone_id=1 zone_frequency=D1 cycles_per_week=7.0
[2025-08-11 14:37:55] [DEBUG] [watering] Found plants in zone | zone_id=1 plant_count=0
[2025-08-11 14:37:55] [INFO] [watering] Smart duration refresh completed | zones_updated=0 zones_skipped=7 total_zones_checked=8
[2025-08-11 14:37:55] [INFO] [watering] Initial smart duration refresh completed | zones_updated=0
[2025-08-11 14:38:50] [DEBUG] [watering] Starting smart zone duration calculation | zone_id=1 mock_mode=False
[2025-08-11 14:38:50] [DEBUG] [watering] Zone frequency analysis | zone_id=1 zone_frequency=D1 cycles_per_week=7.0
[2025-08-11 14:38:50] [DEBUG] [watering] Found plants in zone | zone_id=1 plant_count=0
[2025-08-11 14:38:50] [INFO] [watering] Smart duration refresh completed | zones_updated=0 zones_skipped=7 total_zones_checked=8
[2025-08-11 14:38:50] [INFO] [watering] Daily smart duration refresh completed | zones_updated=0
[2025-08-11 14:48:12] [DEBUG] [watering] Starting smart zone duration calculation | zone_id=2 mock_mode=False
[2025-08-11 14:48:12] [DEBUG] [watering] Zone frequency analysis | zone_id=2 zone_frequency=W1 cycles_per_week=1.0
[2025-08-11 14:48:12] [DEBUG] [watering] Found plants in zone | zone_id=2 plant_count=1
[2025-08-11 14:48:12] [DEBUG] [watering] Processing plant for duration calculation | instance_id=1 plant_id=2 library_book=fruitbushes plant_name=Raspberry, Red
[2025-08-11 14:48:12] [DEBUG] [watering] Plant water requirements | instance_id=1 plant_id=2 water_optimal_in_week=1.0 root_area_sqft=1.8 emitter_size=4 quantity=1
[2025-08-11 14:48:12] [DEBUG] [watering] Volume calculation breakdown | instance_id=1 plant_id=2 weekly_volume_per_plant=1.1214 volume_per_plant_per_cycle=1.1214 cycles_per_week=1.0 time_per_plant_seconds=1009.26
[2025-08-11 14:48:12] [DEBUG] [watering] Duration calculation summary | zone_id=2 total_seconds=1009.26 total_plants=1 cycles_per_week=1.0 zone_frequency=W1
[2025-08-11 14:48:12] [INFO] [watering] Smart zone duration calculated | zone_id=2 total_plants=1 total_seconds=1009.26 average_seconds=1009.26 calculated_duration=00:16:49 plant_count=1 cycles_per_week=1.0 zone_frequency=W1 mock_mode=False
[2025-08-11 14:48:12] [DEBUG] [watering] Starting smart zone start time calculation | zone_id=2 mock_mode=False
[2025-08-11 14:48:12] [DEBUG] [watering] Zone cycle count | zone_id=2 cycles=1
[2025-08-11 14:48:12] [INFO] [watering] Smart zone start times calculated | zone_id=2 calculated_times=[{'start_time': '07:02'}] total_plants=1 mock_mode=False
